Using pre-set license
Built from '2020.3/staging' branch; Version is '2020.3.10f1 (297d780c91bc) revision 2719096'; Using compiler version '192528614'; Build Type 'Release'
OS: 'Windows 10 Pro; OS build 19042.985; Version 2009; 64bit' Language: 'en' Physical Memory: 8118 MB
BatchMode: 1, IsHumanControllingUs: 0, StartBugReporterOnCrash: 0, Is64bit: 1, IsPro: 0

 COMMAND LINE ARGUMENTS:
C:\Program Files\Unity\Hub\Editor\2020.3.10f1\Editor\Unity.exe
-adb2
-batchMode
-noUpm
-name
AssetImportWorker0
-projectPath
D:/Unity/Extenject
-logFile
Logs/AssetImportWorker0.log
-srvPort
50243
Successfully changed project path to: D:/Unity/Extenject
D:/Unity/Extenject
Using Asset Import Pipeline V2.
Refreshing native plugins compatible for Editor in 70.37 ms, found 2 plugins.
Preloading 0 native plugins for Editor in 0.00 ms.
Initialize engine version: 2020.3.10f1 (297d780c91bc)
[Subsystems] Discovering subsystems at path C:/Program Files/Unity/Hub/Editor/2020.3.10f1/Editor/Data/Resources/UnitySubsystems
[Subsystems] Discovering subsystems at path D:/Unity/Extenject/Assets
GfxDevice: creating device client; threaded=0
Direct3D:
    Version:  Direct3D 11.0 [level 11.0]
    Renderer: NVIDIA GeForce GTX 550 Ti (ID=0x1244)
    Vendor:   
    VRAM:     1979 MB
    Driver:   23.21.13.9135
Initialize mono
Mono path[0] = 'C:/Program Files/Unity/Hub/Editor/2020.3.10f1/Editor/Data/Managed'
Mono path[1] = 'C:/Program Files/Unity/Hub/Editor/2020.3.10f1/Editor/Data/MonoBleedingEdge/lib/mono/unityjit'
Mono config path = 'C:/Program Files/Unity/Hub/Editor/2020.3.10f1/Editor/Data/MonoBleedingEdge/etc'
Using monoOptions --debugger-agent=transport=dt_socket,embedding=1,server=y,suspend=n,address=127.0.0.1:56760
Begin MonoManager ReloadAssembly
Registering precompiled unity dll's ...
Register platform support module: C:/Program Files/Unity/Hub/Editor/2020.3.10f1/Editor/Data/PlaybackEngines/WebGLSupport/UnityEditor.WebGL.Extensions.dll
Register platform support module: C:/Program Files/Unity/Hub/Editor/2020.3.10f1/Editor/Data/PlaybackEngines/WindowsStandaloneSupport/UnityEditor.WindowsStandalone.Extensions.dll
Registered in 0.002417 seconds.
Native extension for WindowsStandalone target not found
Native extension for WebGL target not found
Refreshing native plugins compatible for Editor in 81.91 ms, found 2 plugins.
Preloading 0 native plugins for Editor in 0.00 ms.
Mono: successfully reloaded assembly
- Completed reload, in  1.668 seconds
Platform modules already initialized, skipping
Registering precompiled user dll's ...
Registered in 0.007423 seconds.
Begin MonoManager ReloadAssembly
Native extension for WindowsStandalone target not found
Native extension for WebGL target not found
Refreshing native plugins compatible for Editor in 0.52 ms, found 2 plugins.
Preloading 0 native plugins for Editor in 0.00 ms.
Mono: successfully reloaded assembly
- Completed reload, in  1.682 seconds
Platform modules already initialized, skipping
========================================================================
Worker process is ready to serve import requests
Launched and connected shader compiler UnityShaderCompiler.exe after 0.04 seconds
Refreshing native plugins compatible for Editor in 0.53 ms, found 2 plugins.
Preloading 0 native plugins for Editor in 0.00 ms.
Unloading 1972 Unused Serialized files (Serialized files now loaded: 0)
System memory in use before: 83.1 MB.
System memory in use after: 83.1 MB.

Unloading 24 unused Assets to reduce memory usage. Loaded Objects now: 2411.
Total: 3.045600 ms (FindLiveObjects: 0.310300 ms CreateObjectMapping: 0.196800 ms MarkObjects: 2.411500 ms  DeleteObjects: 0.124900 ms)

========================================================================
Received Import Request.
  path: Assets/Warrior.cs
  artifactKey: Guid(94dad78397b62b746b59fb20cb90cc53) Importer(815301076,1909f56bfc062723c751e8b465ee728b)
Start importing Assets/Warrior.cs using Guid(94dad78397b62b746b59fb20cb90cc53) Importer(815301076,1909f56bfc062723c751e8b465ee728b)  -> (artifact id: 'f48c33289746cb4934a068b84a367e47') in 0.078241 seconds
  Import took 0.083774 seconds .

========================================================================
Received Prepare
Registering precompiled user dll's ...
Registered in 0.006452 seconds.
Begin MonoManager ReloadAssembly
Native extension for WindowsStandalone target not found
Native extension for WebGL target not found
Refreshing native plugins compatible for Editor in 0.52 ms, found 2 plugins.
Preloading 0 native plugins for Editor in 0.00 ms.
Mono: successfully reloaded assembly
- Completed reload, in  1.381 seconds
Platform modules already initialized, skipping
Refreshing native plugins compatible for Editor in 0.53 ms, found 2 plugins.
Preloading 0 native plugins for Editor in 0.00 ms.
Unloading 1965 Unused Serialized files (Serialized files now loaded: 0)
System memory in use before: 82.8 MB.
System memory in use after: 82.9 MB.

Unloading 19 unused Assets to reduce memory usage. Loaded Objects now: 2415.
Total: 2.664200 ms (FindLiveObjects: 0.247700 ms CreateObjectMapping: 0.119000 ms MarkObjects: 2.208900 ms  DeleteObjects: 0.086800 ms)

========================================================================
Received Import Request.
  Time since last request: 8.326141 seconds.
  path: Assets/Mage.cs
  artifactKey: Guid(f14706019cc3b5b4399c845c9bbd063d) Importer(815301076,1909f56bfc062723c751e8b465ee728b)
Start importing Assets/Mage.cs using Guid(f14706019cc3b5b4399c845c9bbd063d) Importer(815301076,1909f56bfc062723c751e8b465ee728b)  -> (artifact id: '04e9e34de7fda78ed217c30fac8bf641') in 0.007476 seconds
  Import took 0.016411 seconds .

========================================================================
Received Prepare
Registering precompiled user dll's ...
Registered in 0.006509 seconds.
Begin MonoManager ReloadAssembly
Native extension for WindowsStandalone target not found
Native extension for WebGL target not found
Refreshing native plugins compatible for Editor in 0.58 ms, found 2 plugins.
Preloading 0 native plugins for Editor in 0.00 ms.
Mono: successfully reloaded assembly
- Completed reload, in  1.359 seconds
Platform modules already initialized, skipping
Refreshing native plugins compatible for Editor in 0.52 ms, found 2 plugins.
Preloading 0 native plugins for Editor in 0.00 ms.
Unloading 1966 Unused Serialized files (Serialized files now loaded: 0)
System memory in use before: 82.9 MB.
System memory in use after: 83.0 MB.

Unloading 19 unused Assets to reduce memory usage. Loaded Objects now: 2419.
Total: 2.765400 ms (FindLiveObjects: 0.279700 ms CreateObjectMapping: 0.186400 ms MarkObjects: 2.233000 ms  DeleteObjects: 0.064900 ms)

========================================================================
Received Import Request.
  Time since last request: 52.352515 seconds.
  path: Assets/Plugins/Zenject/OptionalExtras/SampleGame1 (Beginner)/Scripts/Misc/LevelHelper.cs
  artifactKey: Guid(439c34e98ba09b546be28d2b13fda970) Importer(815301076,1909f56bfc062723c751e8b465ee728b)
Start importing Assets/Plugins/Zenject/OptionalExtras/SampleGame1 (Beginner)/Scripts/Misc/LevelHelper.cs using Guid(439c34e98ba09b546be28d2b13fda970) Importer(815301076,1909f56bfc062723c751e8b465ee728b)  -> (artifact id: 'ba97901413fb33922877f93d0f153696') in 0.006336 seconds
  Import took 0.010634 seconds .

========================================================================
Received Import Request.
  Time since last request: 0.001147 seconds.
  path: Assets/Plugins/Zenject/OptionalExtras/SampleGame1 (Beginner)/Scripts/Misc/LevelHelper.cs
  artifactKey: Guid(439c34e98ba09b546be28d2b13fda970) Importer(815301076,1909f56bfc062723c751e8b465ee728b)
Start importing Assets/Plugins/Zenject/OptionalExtras/SampleGame1 (Beginner)/Scripts/Misc/LevelHelper.cs using Guid(439c34e98ba09b546be28d2b13fda970) Importer(815301076,1909f56bfc062723c751e8b465ee728b)  -> (artifact id: 'ba97901413fb33922877f93d0f153696') in 0.001886 seconds
  Import took 0.006904 seconds .

========================================================================
Received Import Request.
  Time since last request: 30.753922 seconds.
  path: Assets/Player.cs
  artifactKey: Guid(bc4c0da55c1803d49b8bb9037b391869) Importer(815301076,1909f56bfc062723c751e8b465ee728b)
Start importing Assets/Player.cs using Guid(bc4c0da55c1803d49b8bb9037b391869) Importer(815301076,1909f56bfc062723c751e8b465ee728b)  -> (artifact id: '7c1a557a88c95956674289d9210d1fdd') in 0.015990 seconds
  Import took 0.019799 seconds .

========================================================================
Received Prepare
Registering precompiled user dll's ...
Registered in 0.006039 seconds.
Begin MonoManager ReloadAssembly
Native extension for WindowsStandalone target not found
Native extension for WebGL target not found
Refreshing native plugins compatible for Editor in 0.56 ms, found 2 plugins.
Preloading 0 native plugins for Editor in 0.00 ms.
Mono: successfully reloaded assembly
- Completed reload, in  1.468 seconds
Platform modules already initialized, skipping
Refreshing native plugins compatible for Editor in 0.52 ms, found 2 plugins.
Preloading 0 native plugins for Editor in 0.00 ms.
Unloading 1966 Unused Serialized files (Serialized files now loaded: 0)
System memory in use before: 82.9 MB.
System memory in use after: 83.0 MB.

Unloading 19 unused Assets to reduce memory usage. Loaded Objects now: 2422.
Total: 2.323800 ms (FindLiveObjects: 0.231000 ms CreateObjectMapping: 0.107700 ms MarkObjects: 1.914200 ms  DeleteObjects: 0.069300 ms)

========================================================================
Received Import Request.
  Time since last request: 908.343982 seconds.
  path: Assets/Mage.cs
  artifactKey: Guid(f14706019cc3b5b4399c845c9bbd063d) Importer(815301076,1909f56bfc062723c751e8b465ee728b)
Start importing Assets/Mage.cs using Guid(f14706019cc3b5b4399c845c9bbd063d) Importer(815301076,1909f56bfc062723c751e8b465ee728b)  -> (artifact id: 'ab68b4d983ccb7b843f15edb0869c381') in 0.005745 seconds
  Import took 0.009243 seconds .

========================================================================
Received Prepare
Registering precompiled user dll's ...
Registered in 0.008989 seconds.
Begin MonoManager ReloadAssembly
Native extension for WindowsStandalone target not found
Native extension for WebGL target not found
Refreshing native plugins compatible for Editor in 0.52 ms, found 2 plugins.
Preloading 0 native plugins for Editor in 0.00 ms.
Mono: successfully reloaded assembly
- Completed reload, in  1.585 seconds
Platform modules already initialized, skipping
Refreshing native plugins compatible for Editor in 0.60 ms, found 2 plugins.
Preloading 0 native plugins for Editor in 0.00 ms.
Unloading 1966 Unused Serialized files (Serialized files now loaded: 0)
System memory in use before: 82.9 MB.
System memory in use after: 83.0 MB.

Unloading 19 unused Assets to reduce memory usage. Loaded Objects now: 2425.
Total: 2.588200 ms (FindLiveObjects: 0.255000 ms CreateObjectMapping: 0.155900 ms MarkObjects: 2.089800 ms  DeleteObjects: 0.086100 ms)

========================================================================
Received Prepare
Registering precompiled user dll's ...
Registered in 0.008465 seconds.
Begin MonoManager ReloadAssembly
Native extension for WindowsStandalone target not found
Native extension for WebGL target not found
Refreshing native plugins compatible for Editor in 0.58 ms, found 2 plugins.
Preloading 0 native plugins for Editor in 0.00 ms.
Mono: successfully reloaded assembly
- Completed reload, in  1.382 seconds
Platform modules already initialized, skipping
Refreshing native plugins compatible for Editor in 1.17 ms, found 2 plugins.
Preloading 0 native plugins for Editor in 0.00 ms.
Unloading 1966 Unused Serialized files (Serialized files now loaded: 0)
System memory in use before: 82.8 MB.
System memory in use after: 82.9 MB.

Unloading 19 unused Assets to reduce memory usage. Loaded Objects now: 2428.
Total: 3.150900 ms (FindLiveObjects: 0.286700 ms CreateObjectMapping: 0.189200 ms MarkObjects: 2.590200 ms  DeleteObjects: 0.082500 ms)

========================================================================
Received Import Request.
  Time since last request: 118.626511 seconds.
  path: Assets/Mage.cs
  artifactKey: Guid(f14706019cc3b5b4399c845c9bbd063d) Importer(815301076,1909f56bfc062723c751e8b465ee728b)
Start importing Assets/Mage.cs using Guid(f14706019cc3b5b4399c845c9bbd063d) Importer(815301076,1909f56bfc062723c751e8b465ee728b)  -> (artifact id: '8bb8fd8b9e91e315073e77c0e9d69bb9') in 0.006311 seconds
  Import took 0.034637 seconds .

========================================================================
Received Prepare
Registering precompiled user dll's ...
Registered in 0.009679 seconds.
Begin MonoManager ReloadAssembly
Native extension for WindowsStandalone target not found
Native extension for WebGL target not found
Refreshing native plugins compatible for Editor in 1.01 ms, found 2 plugins.
Preloading 0 native plugins for Editor in 0.00 ms.
Mono: successfully reloaded assembly
- Completed reload, in  2.692 seconds
Platform modules already initialized, skipping
Refreshing native plugins compatible for Editor in 0.62 ms, found 2 plugins.
Preloading 0 native plugins for Editor in 0.00 ms.
Unloading 1966 Unused Serialized files (Serialized files now loaded: 0)
System memory in use before: 82.9 MB.
System memory in use after: 83.0 MB.

Unloading 19 unused Assets to reduce memory usage. Loaded Objects now: 2431.
Total: 3.621500 ms (FindLiveObjects: 0.460300 ms CreateObjectMapping: 0.192000 ms MarkObjects: 2.886700 ms  DeleteObjects: 0.080500 ms)

========================================================================
Received Prepare
Registering precompiled user dll's ...
Registered in 0.006993 seconds.
Begin MonoManager ReloadAssembly
Native extension for WindowsStandalone target not found
Native extension for WebGL target not found
Refreshing native plugins compatible for Editor in 0.73 ms, found 2 plugins.
Preloading 0 native plugins for Editor in 0.00 ms.
Mono: successfully reloaded assembly
- Completed reload, in  2.233 seconds
Platform modules already initialized, skipping
Refreshing native plugins compatible for Editor in 0.58 ms, found 2 plugins.
Preloading 0 native plugins for Editor in 0.00 ms.
Unloading 1966 Unused Serialized files (Serialized files now loaded: 0)
System memory in use before: 82.9 MB.
System memory in use after: 83.0 MB.

Unloading 19 unused Assets to reduce memory usage. Loaded Objects now: 2434.
Total: 9.949400 ms (FindLiveObjects: 2.094400 ms CreateObjectMapping: 2.403300 ms MarkObjects: 5.355600 ms  DeleteObjects: 0.093600 ms)

========================================================================
Received Prepare
Registering precompiled user dll's ...
Registered in 0.008015 seconds.
Begin MonoManager ReloadAssembly
Native extension for WindowsStandalone target not found
Native extension for WebGL target not found
Refreshing native plugins compatible for Editor in 0.54 ms, found 2 plugins.
Preloading 0 native plugins for Editor in 0.00 ms.
Mono: successfully reloaded assembly
- Completed reload, in  1.502 seconds
Platform modules already initialized, skipping
Refreshing native plugins compatible for Editor in 1.10 ms, found 2 plugins.
Preloading 0 native plugins for Editor in 0.00 ms.
Unloading 1966 Unused Serialized files (Serialized files now loaded: 0)
System memory in use before: 82.9 MB.
System memory in use after: 83.0 MB.

Unloading 19 unused Assets to reduce memory usage. Loaded Objects now: 2437.
Total: 2.764800 ms (FindLiveObjects: 0.259300 ms CreateObjectMapping: 0.156400 ms MarkObjects: 2.266200 ms  DeleteObjects: 0.081300 ms)

========================================================================
Received Prepare
Registering precompiled user dll's ...
Registered in 0.006500 seconds.
Begin MonoManager ReloadAssembly
Native extension for WindowsStandalone target not found
Native extension for WebGL target not found
Refreshing native plugins compatible for Editor in 0.56 ms, found 2 plugins.
Preloading 0 native plugins for Editor in 0.00 ms.
Mono: successfully reloaded assembly
- Completed reload, in  2.251 seconds
Platform modules already initialized, skipping
Refreshing native plugins compatible for Editor in 0.78 ms, found 2 plugins.
Preloading 0 native plugins for Editor in 0.00 ms.
Unloading 1966 Unused Serialized files (Serialized files now loaded: 0)
System memory in use before: 82.9 MB.
System memory in use after: 83.0 MB.

Unloading 19 unused Assets to reduce memory usage. Loaded Objects now: 2440.
Total: 6.140300 ms (FindLiveObjects: 0.322800 ms CreateObjectMapping: 0.907500 ms MarkObjects: 4.816700 ms  DeleteObjects: 0.090400 ms)

========================================================================
Received Prepare
Registering precompiled user dll's ...
Registered in 0.008545 seconds.
Begin MonoManager ReloadAssembly
Native extension for WindowsStandalone target not found
Native extension for WebGL target not found
Refreshing native plugins compatible for Editor in 0.56 ms, found 2 plugins.
Preloading 0 native plugins for Editor in 0.00 ms.
Mono: successfully reloaded assembly
- Completed reload, in  1.414 seconds
Platform modules already initialized, skipping
Refreshing native plugins compatible for Editor in 0.62 ms, found 2 plugins.
Preloading 0 native plugins for Editor in 0.00 ms.
Unloading 1966 Unused Serialized files (Serialized files now loaded: 0)
System memory in use before: 82.8 MB.
System memory in use after: 82.9 MB.

Unloading 19 unused Assets to reduce memory usage. Loaded Objects now: 2443.
Total: 4.307900 ms (FindLiveObjects: 0.393700 ms CreateObjectMapping: 0.199300 ms MarkObjects: 3.624000 ms  DeleteObjects: 0.088900 ms)

========================================================================
Received Prepare
Registering precompiled user dll's ...
Registered in 0.005628 seconds.
Begin MonoManager ReloadAssembly
Native extension for WindowsStandalone target not found
Native extension for WebGL target not found
Refreshing native plugins compatible for Editor in 0.51 ms, found 2 plugins.
Preloading 0 native plugins for Editor in 0.00 ms.
Mono: successfully reloaded assembly
- Completed reload, in  1.422 seconds
Platform modules already initialized, skipping
Refreshing native plugins compatible for Editor in 0.56 ms, found 2 plugins.
Preloading 0 native plugins for Editor in 0.00 ms.
Unloading 1966 Unused Serialized files (Serialized files now loaded: 0)
System memory in use before: 82.9 MB.
System memory in use after: 83.0 MB.

Unloading 19 unused Assets to reduce memory usage. Loaded Objects now: 2446.
Total: 2.563000 ms (FindLiveObjects: 0.240300 ms CreateObjectMapping: 0.137800 ms MarkObjects: 2.081300 ms  DeleteObjects: 0.101800 ms)

========================================================================
Received Prepare
Registering precompiled user dll's ...
Registered in 0.005472 seconds.
Begin MonoManager ReloadAssembly
Native extension for WindowsStandalone target not found
Native extension for WebGL target not found
Refreshing native plugins compatible for Editor in 0.52 ms, found 2 plugins.
Preloading 0 native plugins for Editor in 0.00 ms.
Mono: successfully reloaded assembly
- Completed reload, in  1.392 seconds
Platform modules already initialized, skipping
Refreshing native plugins compatible for Editor in 0.58 ms, found 2 plugins.
Preloading 0 native plugins for Editor in 0.00 ms.
Unloading 1966 Unused Serialized files (Serialized files now loaded: 0)
System memory in use before: 82.9 MB.
System memory in use after: 83.0 MB.

Unloading 19 unused Assets to reduce memory usage. Loaded Objects now: 2449.
Total: 2.763400 ms (FindLiveObjects: 0.378500 ms CreateObjectMapping: 0.185500 ms MarkObjects: 2.120300 ms  DeleteObjects: 0.077300 ms)

========================================================================
Received Prepare
Registering precompiled user dll's ...
Registered in 0.005649 seconds.
Begin MonoManager ReloadAssembly
Native extension for WindowsStandalone target not found
Native extension for WebGL target not found
Refreshing native plugins compatible for Editor in 0.50 ms, found 2 plugins.
Preloading 0 native plugins for Editor in 0.00 ms.
Mono: successfully reloaded assembly
- Completed reload, in  1.409 seconds
Platform modules already initialized, skipping
Refreshing native plugins compatible for Editor in 0.51 ms, found 2 plugins.
Preloading 0 native plugins for Editor in 0.00 ms.
Unloading 1966 Unused Serialized files (Serialized files now loaded: 0)
System memory in use before: 82.9 MB.
System memory in use after: 83.0 MB.

Unloading 19 unused Assets to reduce memory usage. Loaded Objects now: 2452.
Total: 2.613600 ms (FindLiveObjects: 0.246300 ms CreateObjectMapping: 0.156700 ms MarkObjects: 2.119500 ms  DeleteObjects: 0.089700 ms)

========================================================================
Received Prepare
Registering precompiled user dll's ...
Registered in 0.006124 seconds.
Begin MonoManager ReloadAssembly
Native extension for WindowsStandalone target not found
Native extension for WebGL target not found
Refreshing native plugins compatible for Editor in 0.56 ms, found 2 plugins.
Preloading 0 native plugins for Editor in 0.00 ms.
Mono: successfully reloaded assembly
- Completed reload, in  1.717 seconds
Platform modules already initialized, skipping
Refreshing native plugins compatible for Editor in 0.58 ms, found 2 plugins.
Preloading 0 native plugins for Editor in 0.00 ms.
Unloading 1966 Unused Serialized files (Serialized files now loaded: 0)
System memory in use before: 82.9 MB.
System memory in use after: 83.0 MB.

Unloading 19 unused Assets to reduce memory usage. Loaded Objects now: 2455.
Total: 2.822400 ms (FindLiveObjects: 0.202000 ms CreateObjectMapping: 0.088800 ms MarkObjects: 2.433400 ms  DeleteObjects: 0.096000 ms)

========================================================================
Received Import Request.
  Time since last request: 1405.204820 seconds.
  path: Assets/Mage.cs
  artifactKey: Guid(f14706019cc3b5b4399c845c9bbd063d) Importer(815301076,1909f56bfc062723c751e8b465ee728b)
Start importing Assets/Mage.cs using Guid(f14706019cc3b5b4399c845c9bbd063d) Importer(815301076,1909f56bfc062723c751e8b465ee728b)  -> (artifact id: '5ad6e94d2471cbba5c691b29b67550ad') in 0.007996 seconds
  Import took 0.051528 seconds .

========================================================================
Received Import Request.
  Time since last request: 0.738426 seconds.
  path: Assets/Player.cs
  artifactKey: Guid(bc4c0da55c1803d49b8bb9037b391869) Importer(815301076,1909f56bfc062723c751e8b465ee728b)
Start importing Assets/Player.cs using Guid(bc4c0da55c1803d49b8bb9037b391869) Importer(815301076,1909f56bfc062723c751e8b465ee728b)  -> (artifact id: 'f151ed3357d0ac22316f30d1c078d03e') in 0.001629 seconds
  Import took 0.041606 seconds .

========================================================================
Received Prepare
Registering precompiled user dll's ...
Registered in 0.006984 seconds.
Begin MonoManager ReloadAssembly
Native extension for WindowsStandalone target not found
Native extension for WebGL target not found
Refreshing native plugins compatible for Editor in 0.51 ms, found 2 plugins.
Preloading 0 native plugins for Editor in 0.00 ms.
Mono: successfully reloaded assembly
- Completed reload, in  1.540 seconds
Platform modules already initialized, skipping
Refreshing native plugins compatible for Editor in 0.51 ms, found 2 plugins.
Preloading 0 native plugins for Editor in 0.00 ms.
Unloading 1963 Unused Serialized files (Serialized files now loaded: 0)
System memory in use before: 82.8 MB.
System memory in use after: 82.9 MB.

Unloading 22 unused Assets to reduce memory usage. Loaded Objects now: 2455.
Total: 2.590000 ms (FindLiveObjects: 0.248800 ms CreateObjectMapping: 0.139700 ms MarkObjects: 2.097400 ms  DeleteObjects: 0.102500 ms)

AssetImportWorkerClient::OnTransportError - code=2 error=End of file
