Using pre-set license
Built from '2020.3/staging' branch; Version is '2020.3.10f1 (297d780c91bc) revision 2719096'; Using compiler version '192528614'; Build Type 'Release'
OS: 'Windows 10 Pro; OS build 19042.985; Version 2009; 64bit' Language: 'en' Physical Memory: 8118 MB
BatchMode: 1, IsHumanControllingUs: 0, StartBugReporterOnCrash: 0, Is64bit: 1, IsPro: 0

 COMMAND LINE ARGUMENTS:
C:\Program Files\Unity\Hub\Editor\2020.3.10f1\Editor\Unity.exe
-adb2
-batchMode
-noUpm
-name
AssetImportWorker3
-projectPath
D:/Unity/block breaker
-logFile
Logs/AssetImportWorker3.log
-srvPort
49877
Successfully changed project path to: D:/Unity/block breaker
D:/Unity/block breaker
Using Asset Import Pipeline V2.
Refreshing native plugins compatible for Editor in 142.96 ms, found 3 plugins.
Preloading 0 native plugins for Editor in 0.00 ms.
Initialize engine version: 2020.3.10f1 (297d780c91bc)
[Subsystems] Discovering subsystems at path C:/Program Files/Unity/Hub/Editor/2020.3.10f1/Editor/Data/Resources/UnitySubsystems
[Subsystems] Discovering subsystems at path D:/Unity/block breaker/Assets
GfxDevice: creating device client; threaded=0
Direct3D:
    Version:  Direct3D 11.0 [level 11.0]
    Renderer: NVIDIA GeForce GTX 550 Ti (ID=0x1244)
    Vendor:   
    VRAM:     1979 MB
    Driver:   23.21.13.9135
Initialize mono
Mono path[0] = 'C:/Program Files/Unity/Hub/Editor/2020.3.10f1/Editor/Data/Managed'
Mono path[1] = 'C:/Program Files/Unity/Hub/Editor/2020.3.10f1/Editor/Data/MonoBleedingEdge/lib/mono/unityjit'
Mono config path = 'C:/Program Files/Unity/Hub/Editor/2020.3.10f1/Editor/Data/MonoBleedingEdge/etc'
Using monoOptions --debugger-agent=transport=dt_socket,embedding=1,server=y,suspend=n,address=127.0.0.1:56872
Begin MonoManager ReloadAssembly
Registering precompiled unity dll's ...
Register platform support module: C:/Program Files/Unity/Hub/Editor/2020.3.10f1/Editor/Data/PlaybackEngines/WebGLSupport/UnityEditor.WebGL.Extensions.dll
Register platform support module: C:/Program Files/Unity/Hub/Editor/2020.3.10f1/Editor/Data/PlaybackEngines/WindowsStandaloneSupport/UnityEditor.WindowsStandalone.Extensions.dll
Registered in 0.005625 seconds.
Native extension for WindowsStandalone target not found
Native extension for WebGL target not found
Refreshing native plugins compatible for Editor in 150.17 ms, found 3 plugins.
Preloading 0 native plugins for Editor in 0.00 ms.
Mono: successfully reloaded assembly
- Completed reload, in  3.100 seconds
Platform modules already initialized, skipping
Registering precompiled user dll's ...
Registered in 0.010949 seconds.
Begin MonoManager ReloadAssembly
Native extension for WindowsStandalone target not found
Native extension for WebGL target not found
Refreshing native plugins compatible for Editor in 163.08 ms, found 3 plugins.
Preloading 0 native plugins for Editor in 0.00 ms.
Mono: successfully reloaded assembly
- Completed reload, in  2.882 seconds
Platform modules already initialized, skipping
========================================================================
Worker process is ready to serve import requests
Launched and connected shader compiler UnityShaderCompiler.exe after 0.12 seconds
Refreshing native plugins compatible for Editor in 0.86 ms, found 3 plugins.
Preloading 0 native plugins for Editor in 0.00 ms.
Unloading 2718 Unused Serialized files (Serialized files now loaded: 0)
System memory in use before: 113.7 MB.
System memory in use after: 113.8 MB.

Unloading 38 unused Assets to reduce memory usage. Loaded Objects now: 3153.
Total: 4.853200 ms (FindLiveObjects: 0.396100 ms CreateObjectMapping: 0.210100 ms MarkObjects: 4.022300 ms  DeleteObjects: 0.221800 ms)

========================================================================
Received Import Request.
  path: Assets/Scenes/Level 1.unity
  artifactKey: Guid(5aab9192c23caee4bb131a53267f1dfb) Importer(815301076,1909f56bfc062723c751e8b465ee728b)
Start importing Assets/Scenes/Level 1.unity using Guid(5aab9192c23caee4bb131a53267f1dfb) Importer(815301076,1909f56bfc062723c751e8b465ee728b)  -> (artifact id: '987a66100c3e4e1162502ce75bdc4513') in 0.038855 seconds
  Import took 0.058629 seconds .

========================================================================
Received Prepare
Registering precompiled user dll's ...
Registered in 0.052608 seconds.
Begin MonoManager ReloadAssembly
Native extension for WindowsStandalone target not found
Native extension for WebGL target not found
Refreshing native plugins compatible for Editor in 2.78 ms, found 3 plugins.
Preloading 0 native plugins for Editor in 0.00 ms.
Mono: successfully reloaded assembly
- Completed reload, in  4.453 seconds
Platform modules already initialized, skipping
Refreshing native plugins compatible for Editor in 1.00 ms, found 3 plugins.
Preloading 0 native plugins for Editor in 0.00 ms.
Unloading 2697 Unused Serialized files (Serialized files now loaded: 0)
System memory in use before: 112.1 MB.
System memory in use after: 112.2 MB.

Unloading 26 unused Assets to reduce memory usage. Loaded Objects now: 3157.
Total: 7.184300 ms (FindLiveObjects: 0.340200 ms CreateObjectMapping: 0.186500 ms MarkObjects: 6.476100 ms  DeleteObjects: 0.179200 ms)

========================================================================
Received Prepare
Refreshing native plugins compatible for Editor in 23.01 ms, found 3 plugins.
Preloading 0 native plugins for Editor in 0.00 ms.
Unloading 24 Unused Serialized files (Serialized files now loaded: 0)
System memory in use before: 59.4 MB.
System memory in use after: 59.5 MB.

Unloading 24 unused Assets to reduce memory usage. Loaded Objects now: 3157.
Total: 12.234900 ms (FindLiveObjects: 0.423600 ms CreateObjectMapping: 0.319500 ms MarkObjects: 11.206200 ms  DeleteObjects: 0.283200 ms)

========================================================================
Received Prepare
Registering precompiled user dll's ...
Registered in 0.014487 seconds.
Begin MonoManager ReloadAssembly
Native extension for WindowsStandalone target not found
Native extension for WebGL target not found
Refreshing native plugins compatible for Editor in 1.31 ms, found 3 plugins.
Preloading 0 native plugins for Editor in 0.00 ms.
Mono: successfully reloaded assembly
- Completed reload, in  3.477 seconds
Platform modules already initialized, skipping
Refreshing native plugins compatible for Editor in 1.03 ms, found 3 plugins.
Preloading 0 native plugins for Editor in 0.00 ms.
Unloading 2697 Unused Serialized files (Serialized files now loaded: 0)
System memory in use before: 112.2 MB.
System memory in use after: 112.3 MB.

Unloading 26 unused Assets to reduce memory usage. Loaded Objects now: 3161.
Total: 7.841100 ms (FindLiveObjects: 0.726700 ms CreateObjectMapping: 0.488800 ms MarkObjects: 5.769900 ms  DeleteObjects: 0.852600 ms)

========================================================================
Received Prepare
Refreshing native plugins compatible for Editor in 6.95 ms, found 3 plugins.
Preloading 0 native plugins for Editor in 0.00 ms.
Unloading 24 Unused Serialized files (Serialized files now loaded: 0)
System memory in use before: 59.5 MB.
System memory in use after: 59.6 MB.

Unloading 24 unused Assets to reduce memory usage. Loaded Objects now: 3161.
Total: 3.417700 ms (FindLiveObjects: 0.292800 ms CreateObjectMapping: 0.138600 ms MarkObjects: 2.758200 ms  DeleteObjects: 0.226500 ms)

========================================================================
Received Prepare
Refreshing native plugins compatible for Editor in 6.90 ms, found 3 plugins.
Preloading 0 native plugins for Editor in 0.00 ms.
Unloading 24 Unused Serialized files (Serialized files now loaded: 0)
System memory in use before: 59.5 MB.
System memory in use after: 59.6 MB.

Unloading 24 unused Assets to reduce memory usage. Loaded Objects now: 3161.
Total: 10.569500 ms (FindLiveObjects: 0.291400 ms CreateObjectMapping: 0.141000 ms MarkObjects: 9.968000 ms  DeleteObjects: 0.167100 ms)

========================================================================
Received Import Request.
  Time since last request: 8464.634991 seconds.
  path: Assets/Scripts/Block.cs
  artifactKey: Guid(b7a040740284bc44793093a3c7be1467) Importer(815301076,1909f56bfc062723c751e8b465ee728b)
Start importing Assets/Scripts/Block.cs using Guid(b7a040740284bc44793093a3c7be1467) Importer(815301076,1909f56bfc062723c751e8b465ee728b)  -> (artifact id: '56531055dbc8947f68b9a33ebbff8af4') in 0.121542 seconds
  Import took 0.186618 seconds .

========================================================================
Received Prepare
Registering precompiled user dll's ...
Registered in 0.008904 seconds.
Begin MonoManager ReloadAssembly
Native extension for WindowsStandalone target not found
Native extension for WebGL target not found
Refreshing native plugins compatible for Editor in 0.78 ms, found 3 plugins.
Preloading 0 native plugins for Editor in 0.00 ms.
Mono: successfully reloaded assembly
- Completed reload, in  2.575 seconds
Platform modules already initialized, skipping
Refreshing native plugins compatible for Editor in 1.72 ms, found 3 plugins.
Preloading 0 native plugins for Editor in 0.00 ms.
Unloading 2697 Unused Serialized files (Serialized files now loaded: 0)
System memory in use before: 112.2 MB.
System memory in use after: 112.3 MB.

Unloading 26 unused Assets to reduce memory usage. Loaded Objects now: 3165.
Total: 5.247100 ms (FindLiveObjects: 0.372700 ms CreateObjectMapping: 0.155900 ms MarkObjects: 4.226000 ms  DeleteObjects: 0.490200 ms)

========================================================================
Received Import Request.
  Time since last request: 168.186779 seconds.
  path: Assets/Scripts/Block.cs
  artifactKey: Guid(b7a040740284bc44793093a3c7be1467) Importer(815301076,1909f56bfc062723c751e8b465ee728b)
Start importing Assets/Scripts/Block.cs using Guid(b7a040740284bc44793093a3c7be1467) Importer(815301076,1909f56bfc062723c751e8b465ee728b)  -> (artifact id: '71c82515ca7f1467e600793cd068f606') in 0.010895 seconds
  Import took 0.050366 seconds .

========================================================================
Received Import Request.
  Time since last request: 115.914722 seconds.
  path: Assets/Scenes/Level 2.unity
  artifactKey: Guid(52555b18aa39f214b9ab82e95c849e1d) Importer(815301076,1909f56bfc062723c751e8b465ee728b)
Start importing Assets/Scenes/Level 2.unity using Guid(52555b18aa39f214b9ab82e95c849e1d) Importer(815301076,1909f56bfc062723c751e8b465ee728b)  -> (artifact id: '2f214d338b80e00a598bad442985cc75') in 0.088506 seconds
  Import took 0.117182 seconds .

========================================================================
Received Import Request.
  Time since last request: 1.781400 seconds.
  path: Assets/Scenes/Level 1.unity
  artifactKey: Guid(5aab9192c23caee4bb131a53267f1dfb) Importer(815301076,1909f56bfc062723c751e8b465ee728b)
Start importing Assets/Scenes/Level 1.unity using Guid(5aab9192c23caee4bb131a53267f1dfb) Importer(815301076,1909f56bfc062723c751e8b465ee728b)  -> (artifact id: '8595a6479952f47e0806c627c88144d1') in 0.005129 seconds
  Import took 0.038100 seconds .

========================================================================
Received Prepare
Registering precompiled user dll's ...
Registered in 0.010193 seconds.
Begin MonoManager ReloadAssembly
Native extension for WindowsStandalone target not found
Native extension for WebGL target not found
Refreshing native plugins compatible for Editor in 0.78 ms, found 3 plugins.
Preloading 0 native plugins for Editor in 0.00 ms.
Mono: successfully reloaded assembly
- Completed reload, in  2.582 seconds
Platform modules already initialized, skipping
Refreshing native plugins compatible for Editor in 0.81 ms, found 3 plugins.
Preloading 0 native plugins for Editor in 0.00 ms.
Unloading 2697 Unused Serialized files (Serialized files now loaded: 0)
System memory in use before: 112.3 MB.
System memory in use after: 112.3 MB.

Unloading 26 unused Assets to reduce memory usage. Loaded Objects now: 3169.
Total: 6.127900 ms (FindLiveObjects: 0.731500 ms CreateObjectMapping: 0.636600 ms MarkObjects: 4.589400 ms  DeleteObjects: 0.168500 ms)

========================================================================
Received Import Request.
  Time since last request: 148.647419 seconds.
  path: Assets/Scenes/Game Over.unity
  artifactKey: Guid(cd5fc12c1df8180438e8a97ae390d435) Importer(815301076,1909f56bfc062723c751e8b465ee728b)
Start importing Assets/Scenes/Game Over.unity using Guid(cd5fc12c1df8180438e8a97ae390d435) Importer(815301076,1909f56bfc062723c751e8b465ee728b)  -> (artifact id: '23f46a2e954dea71ac359348d7f0f685') in 0.050246 seconds
  Import took 0.076594 seconds .

========================================================================
Received Prepare
Refreshing native plugins compatible for Editor in 20.33 ms, found 3 plugins.
Preloading 0 native plugins for Editor in 0.00 ms.
Unloading 24 Unused Serialized files (Serialized files now loaded: 0)
System memory in use before: 59.6 MB.
System memory in use after: 59.6 MB.

Unloading 24 unused Assets to reduce memory usage. Loaded Objects now: 3169.
Total: 11.414200 ms (FindLiveObjects: 0.358900 ms CreateObjectMapping: 1.423700 ms MarkObjects: 8.737700 ms  DeleteObjects: 0.891800 ms)

========================================================================
Received Import Request.
  Time since last request: 82.466790 seconds.
  path: Assets/Scenes/Level 1.unity
  artifactKey: Guid(5aab9192c23caee4bb131a53267f1dfb) Importer(815301076,1909f56bfc062723c751e8b465ee728b)
Start importing Assets/Scenes/Level 1.unity using Guid(5aab9192c23caee4bb131a53267f1dfb) Importer(815301076,1909f56bfc062723c751e8b465ee728b)  -> (artifact id: 'c3f28a1e4675f5ac2920f9ce65cba895') in 0.004848 seconds
  Import took 0.038622 seconds .

========================================================================
Received Import Request.
  Time since last request: 16.825313 seconds.
  path: Assets/Scenes/Level 2.unity
  artifactKey: Guid(52555b18aa39f214b9ab82e95c849e1d) Importer(815301076,1909f56bfc062723c751e8b465ee728b)
Start importing Assets/Scenes/Level 2.unity using Guid(52555b18aa39f214b9ab82e95c849e1d) Importer(815301076,1909f56bfc062723c751e8b465ee728b)  -> (artifact id: 'b3d0d9fce31541f45004ec1ca2ff6790') in 0.004981 seconds
  Import took 0.034341 seconds .

========================================================================
Received Import Request.
  Time since last request: 10.647043 seconds.
  path: Assets/Scenes/Level 2.unity
  artifactKey: Guid(52555b18aa39f214b9ab82e95c849e1d) Importer(815301076,1909f56bfc062723c751e8b465ee728b)
Start importing Assets/Scenes/Level 2.unity using Guid(52555b18aa39f214b9ab82e95c849e1d) Importer(815301076,1909f56bfc062723c751e8b465ee728b)  -> (artifact id: 'fee26f5b2212b63999968c44e205546d') in 0.005688 seconds
  Import took 0.044784 seconds .

========================================================================
Received Import Request.
  Time since last request: 9.576710 seconds.
  path: Assets/Scenes/Level 1.unity
  artifactKey: Guid(5aab9192c23caee4bb131a53267f1dfb) Importer(815301076,1909f56bfc062723c751e8b465ee728b)
Start importing Assets/Scenes/Level 1.unity using Guid(5aab9192c23caee4bb131a53267f1dfb) Importer(815301076,1909f56bfc062723c751e8b465ee728b)  -> (artifact id: '0202e5169e43ee191ed6a71c02644137') in 0.004329 seconds
  Import took 0.030202 seconds .

========================================================================
Received Prepare
Refreshing native plugins compatible for Editor in 9.73 ms, found 3 plugins.
Preloading 0 native plugins for Editor in 0.00 ms.
Unloading 24 Unused Serialized files (Serialized files now loaded: 0)
System memory in use before: 59.6 MB.
System memory in use after: 59.7 MB.

Unloading 24 unused Assets to reduce memory usage. Loaded Objects now: 3169.
Total: 3.542200 ms (FindLiveObjects: 0.293100 ms CreateObjectMapping: 0.162400 ms MarkObjects: 2.932600 ms  DeleteObjects: 0.152600 ms)

========================================================================
Received Import Request.
  Time since last request: 2305.915627 seconds.
  path: Assets/Scripts/GameSession.cs
  artifactKey: Guid(47f6acc010b51f24b9967ea885749bc4) Importer(815301076,1909f56bfc062723c751e8b465ee728b)
Start importing Assets/Scripts/GameSession.cs using Guid(47f6acc010b51f24b9967ea885749bc4) Importer(815301076,1909f56bfc062723c751e8b465ee728b)  -> (artifact id: '527a554accc22f25b27b7d0499f33662') in 0.078722 seconds
  Import took 0.196802 seconds .

========================================================================
Received Import Request.
  Time since last request: 18.561321 seconds.
  path: Assets/Scripts/Paddle.cs
  artifactKey: Guid(c87cfca6514b22b4ab8d594d0e0b98e2) Importer(815301076,1909f56bfc062723c751e8b465ee728b)
Start importing Assets/Scripts/Paddle.cs using Guid(c87cfca6514b22b4ab8d594d0e0b98e2) Importer(815301076,1909f56bfc062723c751e8b465ee728b)  -> (artifact id: '5c1d4688a1153a48317988c0ea6bc3c8') in 0.077310 seconds
  Import took 0.541923 seconds .

========================================================================
Received Prepare
Registering precompiled user dll's ...
Registered in 0.032370 seconds.
Begin MonoManager ReloadAssembly
Native extension for WindowsStandalone target not found
Native extension for WebGL target not found
Refreshing native plugins compatible for Editor in 2.59 ms, found 3 plugins.
Preloading 0 native plugins for Editor in 0.00 ms.
Mono: successfully reloaded assembly
- Completed reload, in  7.144 seconds
Platform modules already initialized, skipping
Refreshing native plugins compatible for Editor in 0.84 ms, found 3 plugins.
Preloading 0 native plugins for Editor in 0.00 ms.
Unloading 2697 Unused Serialized files (Serialized files now loaded: 0)
System memory in use before: 112.3 MB.
System memory in use after: 112.4 MB.

Unloading 26 unused Assets to reduce memory usage. Loaded Objects now: 3173.
Total: 11.324600 ms (FindLiveObjects: 0.616400 ms CreateObjectMapping: 1.550700 ms MarkObjects: 8.656700 ms  DeleteObjects: 0.498000 ms)

========================================================================
Received Import Request.
  Time since last request: 75.181898 seconds.
  path: Assets/Tests
  artifactKey: Guid(d5fca9ed34077a444b0280d80cad2f12) Importer(815301076,1909f56bfc062723c751e8b465ee728b)
Start importing Assets/Tests using Guid(d5fca9ed34077a444b0280d80cad2f12) Importer(815301076,1909f56bfc062723c751e8b465ee728b)  -> (artifact id: 'fcd658b4e68dc282a29c9dfefa2b3d1f') in 0.043986 seconds
  Import took 0.096825 seconds .

========================================================================
Received Import Request.
  Time since last request: 10.894495 seconds.
  path: Assets/Tests/Tests.asmdef
  artifactKey: Guid(2ad06773a57da444b990dcaab16cc192) Importer(815301076,1909f56bfc062723c751e8b465ee728b)
Start importing Assets/Tests/Tests.asmdef using Guid(2ad06773a57da444b990dcaab16cc192) Importer(815301076,1909f56bfc062723c751e8b465ee728b)  -> (artifact id: 'fea7ffbb8220bca8cc2ce9ccc9d31fb5') in 10.800046 seconds
  Import took 10.815162 seconds .

========================================================================
Received Prepare
Registering precompiled user dll's ...
Registered in 0.049027 seconds.
Begin MonoManager ReloadAssembly
Native extension for WindowsStandalone target not found
Native extension for WebGL target not found
Refreshing native plugins compatible for Editor in 2.28 ms, found 3 plugins.
Preloading 0 native plugins for Editor in 0.00 ms.
Mono: successfully reloaded assembly
- Completed reload, in  5.533 seconds
Platform modules already initialized, skipping
Refreshing native plugins compatible for Editor in 1.12 ms, found 3 plugins.
Preloading 0 native plugins for Editor in 0.00 ms.
Unloading 2697 Unused Serialized files (Serialized files now loaded: 0)
System memory in use before: 112.3 MB.
System memory in use after: 112.4 MB.

Unloading 26 unused Assets to reduce memory usage. Loaded Objects now: 3177.
Total: 8.460300 ms (FindLiveObjects: 0.417200 ms CreateObjectMapping: 0.293600 ms MarkObjects: 7.492200 ms  DeleteObjects: 0.255000 ms)

========================================================================
Received Import Request.
  Time since last request: 147.155300 seconds.
  path: Assets/Plugins/Zenject/OptionalExtras/SampleGame1 (Beginner)/Scripts/Asteroid/Asteroid.cs
  artifactKey: Guid(5608cae0fd6ebbd46b5ad3c03b150682) Importer(815301076,1909f56bfc062723c751e8b465ee728b)
Start importing Assets/Plugins/Zenject/OptionalExtras/SampleGame1 (Beginner)/Scripts/Asteroid/Asteroid.cs using Guid(5608cae0fd6ebbd46b5ad3c03b150682) Importer(815301076,1909f56bfc062723c751e8b465ee728b)  -> (artifact id: '174380b0a59105d7532cceff39497efd') in 0.025565 seconds
  Import took 0.078716 seconds .

========================================================================
Received Prepare
Registering precompiled user dll's ...
Registered in 0.012645 seconds.
Begin MonoManager ReloadAssembly
Native extension for WindowsStandalone target not found
Native extension for WebGL target not found
Refreshing native plugins compatible for Editor in 1.30 ms, found 3 plugins.
Preloading 0 native plugins for Editor in 0.00 ms.
Mono: successfully reloaded assembly
- Completed reload, in  2.414 seconds
Platform modules already initialized, skipping
Refreshing native plugins compatible for Editor in 1.08 ms, found 3 plugins.
Preloading 0 native plugins for Editor in 0.00 ms.
Unloading 2697 Unused Serialized files (Serialized files now loaded: 0)
System memory in use before: 112.3 MB.
System memory in use after: 112.4 MB.

Unloading 26 unused Assets to reduce memory usage. Loaded Objects now: 3181.
Total: 4.297000 ms (FindLiveObjects: 0.290700 ms CreateObjectMapping: 0.130700 ms MarkObjects: 3.705900 ms  DeleteObjects: 0.167200 ms)

========================================================================
Received Import Request.
  Time since last request: 1726.762211 seconds.
  path: Assets/Plugins/Zenject/OptionalExtras/AutoMocking.zip
  artifactKey: Guid(0aeabfd115c8a4b0ea6377d7970134a2) Importer(815301076,1909f56bfc062723c751e8b465ee728b)
Start importing Assets/Plugins/Zenject/OptionalExtras/AutoMocking.zip using Guid(0aeabfd115c8a4b0ea6377d7970134a2) Importer(815301076,1909f56bfc062723c751e8b465ee728b)  -> (artifact id: 'dfda1862073624e6cdc60795262908ea') in 0.065911 seconds
  Import took 0.078364 seconds .

========================================================================
Received Import Request.
  Time since last request: 38.958756 seconds.
  path: Assets/Plugins/Zenject/OptionalExtras/Signals/Zenject-Signals.csproj
  artifactKey: Guid(aebd7ef925dd4fe4690c3238e879f914) Importer(815301076,1909f56bfc062723c751e8b465ee728b)
Start importing Assets/Plugins/Zenject/OptionalExtras/Signals/Zenject-Signals.csproj using Guid(aebd7ef925dd4fe4690c3238e879f914) Importer(815301076,1909f56bfc062723c751e8b465ee728b)  -> (artifact id: '374386014d88e4f0ea471bf9ce648fc2') in 0.031311 seconds
  Import took 0.067806 seconds .

========================================================================
Received Import Request.
  Time since last request: 22.247361 seconds.
  path: Assets/Plugins/Zenject/OptionalExtras/SampleGame1 (Beginner)/Scripts/Main/GameController.cs
  artifactKey: Guid(d1fe837eefbc3fa4ab06a9081d26caf9) Importer(815301076,1909f56bfc062723c751e8b465ee728b)
Start importing Assets/Plugins/Zenject/OptionalExtras/SampleGame1 (Beginner)/Scripts/Main/GameController.cs using Guid(d1fe837eefbc3fa4ab06a9081d26caf9) Importer(815301076,1909f56bfc062723c751e8b465ee728b)  -> (artifact id: 'bcc8cf293d835914f6adce865355c64b') in 0.013357 seconds
  Import took 0.066889 seconds .

========================================================================
Received Import Request.
  Time since last request: 2.331171 seconds.
  path: Assets/Plugins/Zenject/OptionalExtras/SampleGame1 (Beginner)/Scripts/Misc/GuiHandler.cs
  artifactKey: Guid(79984cb687438fd469b84d7e916d0574) Importer(815301076,1909f56bfc062723c751e8b465ee728b)
Start importing Assets/Plugins/Zenject/OptionalExtras/SampleGame1 (Beginner)/Scripts/Misc/GuiHandler.cs using Guid(79984cb687438fd469b84d7e916d0574) Importer(815301076,1909f56bfc062723c751e8b465ee728b)  -> (artifact id: '38237afc35215e73430e3720ed365ed9') in 0.035059 seconds
  Import took 0.059274 seconds .

========================================================================
Received Import Request.
  Time since last request: 0.534582 seconds.
  path: Assets/Plugins/Zenject/OptionalExtras/SampleGame1 (Beginner)/Scripts/Misc/LevelHelper.cs
  artifactKey: Guid(439c34e98ba09b546be28d2b13fda970) Importer(815301076,1909f56bfc062723c751e8b465ee728b)
Start importing Assets/Plugins/Zenject/OptionalExtras/SampleGame1 (Beginner)/Scripts/Misc/LevelHelper.cs using Guid(439c34e98ba09b546be28d2b13fda970) Importer(815301076,1909f56bfc062723c751e8b465ee728b)  -> (artifact id: 'ba97901413fb33922877f93d0f153696') in 0.026823 seconds
  Import took 0.037803 seconds .

========================================================================
Received Import Request.
  Time since last request: 1.639994 seconds.
  path: Assets/Plugins/Zenject/OptionalExtras/SampleGame1 (Beginner)/Scripts/Misc/TilingBackground.cs
  artifactKey: Guid(d72ecc6be0485ff4f96c39e24aea61f3) Importer(815301076,1909f56bfc062723c751e8b465ee728b)
Start importing Assets/Plugins/Zenject/OptionalExtras/SampleGame1 (Beginner)/Scripts/Misc/TilingBackground.cs using Guid(d72ecc6be0485ff4f96c39e24aea61f3) Importer(815301076,1909f56bfc062723c751e8b465ee728b)  -> (artifact id: '1a9b355c85b9ccfca8858590dc7abb86') in 0.015483 seconds
  Import took 0.048390 seconds .

========================================================================
Received Import Request.
  Time since last request: 1.068560 seconds.
  path: Assets/Plugins/Zenject/OptionalExtras/SampleGame1 (Beginner)/Scripts/Ship
  artifactKey: Guid(bb012d11f2128404dbc27a5b0ed3e26a) Importer(815301076,1909f56bfc062723c751e8b465ee728b)
Start importing Assets/Plugins/Zenject/OptionalExtras/SampleGame1 (Beginner)/Scripts/Ship using Guid(bb012d11f2128404dbc27a5b0ed3e26a) Importer(815301076,1909f56bfc062723c751e8b465ee728b)  -> (artifact id: '9e2f0dc314c497f8245bea02311c2f5e') in 0.013557 seconds
  Import took 0.057259 seconds .

========================================================================
Received Import Request.
  Time since last request: 1.518556 seconds.
  path: Assets/Plugins/Zenject/OptionalExtras/SampleGame1 (Beginner)/Scripts/Ship/States
  artifactKey: Guid(35ea476df49732c408f30d07debaf227) Importer(815301076,1909f56bfc062723c751e8b465ee728b)
Start importing Assets/Plugins/Zenject/OptionalExtras/SampleGame1 (Beginner)/Scripts/Ship/States using Guid(35ea476df49732c408f30d07debaf227) Importer(815301076,1909f56bfc062723c751e8b465ee728b)  -> (artifact id: '6681c12d25a01a6cdbe7cd65fe550574') in 0.019072 seconds
  Import took 0.050820 seconds .

========================================================================
Received Import Request.
  Time since last request: 0.874914 seconds.
  path: Assets/Plugins/Zenject/OptionalExtras/SampleGame1 (Beginner)/Scripts/Ship/Ship.cs
  artifactKey: Guid(aab42c7e45a13404daf7de27c7366efc) Importer(815301076,1909f56bfc062723c751e8b465ee728b)
Start importing Assets/Plugins/Zenject/OptionalExtras/SampleGame1 (Beginner)/Scripts/Ship/Ship.cs using Guid(aab42c7e45a13404daf7de27c7366efc) Importer(815301076,1909f56bfc062723c751e8b465ee728b)  -> (artifact id: 'fb7537701522285730571e7ea8f81a27') in 0.006076 seconds
  Import took 0.027476 seconds .

========================================================================
Received Import Request.
  Time since last request: 0.007870 seconds.
  path: Assets/Plugins/Zenject/OptionalExtras/SampleGame1 (Beginner)/Scripts/Ship/Ship.cs
  artifactKey: Guid(aab42c7e45a13404daf7de27c7366efc) Importer(815301076,1909f56bfc062723c751e8b465ee728b)
Start importing Assets/Plugins/Zenject/OptionalExtras/SampleGame1 (Beginner)/Scripts/Ship/Ship.cs using Guid(aab42c7e45a13404daf7de27c7366efc) Importer(815301076,1909f56bfc062723c751e8b465ee728b)  -> (artifact id: 'fb7537701522285730571e7ea8f81a27') in 0.004148 seconds
  Import took 0.025744 seconds .

========================================================================
Received Import Request.
  Time since last request: 0.321988 seconds.
  path: Assets/Plugins/Zenject/OptionalExtras/SampleGame1 (Beginner)/Scripts/Ship/ShipStateFactory.cs
  artifactKey: Guid(732d3e232d9f7084ca4f03e6129bcbb6) Importer(815301076,1909f56bfc062723c751e8b465ee728b)
Start importing Assets/Plugins/Zenject/OptionalExtras/SampleGame1 (Beginner)/Scripts/Ship/ShipStateFactory.cs using Guid(732d3e232d9f7084ca4f03e6129bcbb6) Importer(815301076,1909f56bfc062723c751e8b465ee728b)  -> (artifact id: 'c374768e46c403ef4524d8ea8497ae46') in 0.017668 seconds
  Import took 0.044314 seconds .

========================================================================
Received Import Request.
  Time since last request: 2.127931 seconds.
  path: Assets/Plugins/Zenject/OptionalExtras/SampleGame1 (Beginner)/Scripts/Ship/States/BrokenShipFactory.cs
  artifactKey: Guid(b9b5eb959c3c75149a4153c9c7d7a7d4) Importer(815301076,1909f56bfc062723c751e8b465ee728b)
Start importing Assets/Plugins/Zenject/OptionalExtras/SampleGame1 (Beginner)/Scripts/Ship/States/BrokenShipFactory.cs using Guid(b9b5eb959c3c75149a4153c9c7d7a7d4) Importer(815301076,1909f56bfc062723c751e8b465ee728b)  -> (artifact id: '5660d9cd0e791761221f0bc082c0b783') in 0.021676 seconds
  Import took 0.034133 seconds .

========================================================================
Received Import Request.
  Time since last request: 9.661524 seconds.
  path: Assets/Plugins/Zenject/OptionalExtras/SampleGame1 (Beginner)/Scripts/Ship/States/ExplosionFactory.cs
  artifactKey: Guid(aa6c7bf121e4f8343b05c7d09eb12ec6) Importer(815301076,1909f56bfc062723c751e8b465ee728b)
Start importing Assets/Plugins/Zenject/OptionalExtras/SampleGame1 (Beginner)/Scripts/Ship/States/ExplosionFactory.cs using Guid(aa6c7bf121e4f8343b05c7d09eb12ec6) Importer(815301076,1909f56bfc062723c751e8b465ee728b)  -> (artifact id: '08dda7677fc21289bf1e1472218b8125') in 0.014629 seconds
  Import took 0.043469 seconds .

========================================================================
Received Import Request.
  Time since last request: 13.110481 seconds.
  path: Assets/Plugins/Zenject/OptionalExtras/SampleGame1 (Beginner)/Scripts/Ship/States/ShipState.cs
  artifactKey: Guid(a68789b75fb09ef43b854fd3c59241b0) Importer(815301076,1909f56bfc062723c751e8b465ee728b)
Start importing Assets/Plugins/Zenject/OptionalExtras/SampleGame1 (Beginner)/Scripts/Ship/States/ShipState.cs using Guid(a68789b75fb09ef43b854fd3c59241b0) Importer(815301076,1909f56bfc062723c751e8b465ee728b)  -> (artifact id: '9aa6f5111e45188e337f35cb564ff1c0') in 0.029168 seconds
  Import took 0.054945 seconds .

========================================================================
Received Import Request.
  Time since last request: 5.254792 seconds.
  path: Assets/Plugins/Zenject/OptionalExtras/SampleGame1 (Beginner)/Scripts/Ship/States/ShipStateDead.cs
  artifactKey: Guid(379e1c748b9152a449b52cd01e25a642) Importer(815301076,1909f56bfc062723c751e8b465ee728b)
Start importing Assets/Plugins/Zenject/OptionalExtras/SampleGame1 (Beginner)/Scripts/Ship/States/ShipStateDead.cs using Guid(379e1c748b9152a449b52cd01e25a642) Importer(815301076,1909f56bfc062723c751e8b465ee728b)  -> (artifact id: 'fba05c6afa11b9ce2f3cc44c131a708c') in 0.011509 seconds
  Import took 0.041889 seconds .

========================================================================
Received Import Request.
  Time since last request: 1.333722 seconds.
  path: Assets/Plugins/Zenject/OptionalExtras/SampleGame1 (Beginner)/Scripts/Ship/States/ShipStateMoving.cs
  artifactKey: Guid(6519cef92721b644c9e0b46f2f92430a) Importer(815301076,1909f56bfc062723c751e8b465ee728b)
Start importing Assets/Plugins/Zenject/OptionalExtras/SampleGame1 (Beginner)/Scripts/Ship/States/ShipStateMoving.cs using Guid(6519cef92721b644c9e0b46f2f92430a) Importer(815301076,1909f56bfc062723c751e8b465ee728b)  -> (artifact id: '58171b6be21c0a6a499fe0c15f7c97c0') in 0.031816 seconds
  Import took 0.063709 seconds .

========================================================================
Received Import Request.
  Time since last request: 1.927839 seconds.
  path: Assets/Plugins/Zenject/OptionalExtras/SampleGame1 (Beginner)/Scripts/Ship/States/ShipStateWaitingToStart.cs
  artifactKey: Guid(ce3520353cbeb084691b14a57a7bec93) Importer(815301076,1909f56bfc062723c751e8b465ee728b)
Start importing Assets/Plugins/Zenject/OptionalExtras/SampleGame1 (Beginner)/Scripts/Ship/States/ShipStateWaitingToStart.cs using Guid(ce3520353cbeb084691b14a57a7bec93) Importer(815301076,1909f56bfc062723c751e8b465ee728b)  -> (artifact id: '95f345395b07939f2459f121e9f679ef') in 0.024449 seconds
  Import took 0.042227 seconds .

========================================================================
Received Import Request.
  Time since last request: 4.896051 seconds.
  path: Assets/Plugins/Zenject/OptionalExtras/SampleGame1 (Beginner)/Scripts/Util/GameEvents.cs
  artifactKey: Guid(44a6c869bd4f68c479f02155b98fbeca) Importer(815301076,1909f56bfc062723c751e8b465ee728b)
Start importing Assets/Plugins/Zenject/OptionalExtras/SampleGame1 (Beginner)/Scripts/Util/GameEvents.cs using Guid(44a6c869bd4f68c479f02155b98fbeca) Importer(815301076,1909f56bfc062723c751e8b465ee728b)  -> (artifact id: '70625b7f8b06a0ea9832ea3b222267e1') in 0.018918 seconds
  Import took 0.055072 seconds .

========================================================================
Received Import Request.
  Time since last request: 6.865899 seconds.
  path: Assets/Plugins/Zenject/OptionalExtras/SampleGame1 (Beginner)/Scripts/Util/UnityExtensionMethods.cs
  artifactKey: Guid(1018c66230d7f7b408485a0d8c28147d) Importer(815301076,1909f56bfc062723c751e8b465ee728b)
Start importing Assets/Plugins/Zenject/OptionalExtras/SampleGame1 (Beginner)/Scripts/Util/UnityExtensionMethods.cs using Guid(1018c66230d7f7b408485a0d8c28147d) Importer(815301076,1909f56bfc062723c751e8b465ee728b)  -> (artifact id: 'e81ebe90cf458ab42d94b11d3d96187d') in 0.027640 seconds
  Import took 0.057290 seconds .

========================================================================
Received Import Request.
  Time since last request: 280.566966 seconds.
  path: Assets/Plugins/Zenject/ReadMe.url
  artifactKey: Guid(937aea47cf7f0864cb39571ca85e205d) Importer(815301076,1909f56bfc062723c751e8b465ee728b)
Start importing Assets/Plugins/Zenject/ReadMe.url using Guid(937aea47cf7f0864cb39571ca85e205d) Importer(815301076,1909f56bfc062723c751e8b465ee728b)  -> (artifact id: '918e3b390ee29eb6bf15a18e49bb5058') in 0.081545 seconds
  Import took 0.123377 seconds .

========================================================================
Received Import Request.
  Time since last request: 2.014282 seconds.
  path: Assets/Plugins/Zenject/Version.txt
  artifactKey: Guid(4917e73af158b1e4782b175c0568afcf) Importer(815301076,1909f56bfc062723c751e8b465ee728b)
Start importing Assets/Plugins/Zenject/Version.txt using Guid(4917e73af158b1e4782b175c0568afcf) Importer(815301076,1909f56bfc062723c751e8b465ee728b)  -> (artifact id: 'f82128b469de32a9e052cb0d6a2fd11d') in 0.011017 seconds
  Import took 0.066959 seconds .

========================================================================
Received Import Request.
  Time since last request: 2.631822 seconds.
  path: Assets/Plugins/Zenject/LICENSE.txt
  artifactKey: Guid(75406829aaca6154491302d85b26270a) Importer(815301076,1909f56bfc062723c751e8b465ee728b)
Start importing Assets/Plugins/Zenject/LICENSE.txt using Guid(75406829aaca6154491302d85b26270a) Importer(815301076,1909f56bfc062723c751e8b465ee728b)  -> (artifact id: '359ea85392b58e1e1541948b835baa13') in 0.026905 seconds
  Import took 0.052956 seconds .

========================================================================
Received Import Request.
  Time since last request: 1.535782 seconds.
  path: Assets/Plugins/Zenject/zenject.asmdef
  artifactKey: Guid(0d8beb7f090555447a6cf5ce9e54dbb4) Importer(815301076,1909f56bfc062723c751e8b465ee728b)
Start importing Assets/Plugins/Zenject/zenject.asmdef using Guid(0d8beb7f090555447a6cf5ce9e54dbb4) Importer(815301076,1909f56bfc062723c751e8b465ee728b)  -> (artifact id: '61bc78f3deff46b73c8acc3fb429fb5e') in 0.005027 seconds
  Import took 0.045134 seconds .

========================================================================
Received Import Request.
  Time since last request: 0.003002 seconds.
  path: Assets/Plugins/Zenject/zenject.asmdef
  artifactKey: Guid(0d8beb7f090555447a6cf5ce9e54dbb4) Importer(815301076,1909f56bfc062723c751e8b465ee728b)
Start importing Assets/Plugins/Zenject/zenject.asmdef using Guid(0d8beb7f090555447a6cf5ce9e54dbb4) Importer(815301076,1909f56bfc062723c751e8b465ee728b)  -> (artifact id: '61bc78f3deff46b73c8acc3fb429fb5e') in 0.013948 seconds
  Import took 0.045678 seconds .

========================================================================
Received Prepare
Registering precompiled user dll's ...
Registered in 0.009544 seconds.
Begin MonoManager ReloadAssembly
Native extension for WindowsStandalone target not found
Native extension for WebGL target not found
Refreshing native plugins compatible for Editor in 1.08 ms, found 3 plugins.
Preloading 0 native plugins for Editor in 0.00 ms.
Mono: successfully reloaded assembly
- Completed reload, in  2.755 seconds
Platform modules already initialized, skipping
Refreshing native plugins compatible for Editor in 0.94 ms, found 3 plugins.
Preloading 0 native plugins for Editor in 0.00 ms.
Unloading 2697 Unused Serialized files (Serialized files now loaded: 0)
System memory in use before: 112.3 MB.
System memory in use after: 112.4 MB.

Unloading 26 unused Assets to reduce memory usage. Loaded Objects now: 3185.
Total: 6.129400 ms (FindLiveObjects: 2.163500 ms CreateObjectMapping: 0.194100 ms MarkObjects: 3.561200 ms  DeleteObjects: 0.208600 ms)

========================================================================
Received Import Request.
  Time since last request: 705.593563 seconds.
  path: Assets/Prefabs/Canvas.prefab
  artifactKey: Guid(c486c87e1a90cd947bdda1af2535a400) Importer(815301076,1909f56bfc062723c751e8b465ee728b)
Start importing Assets/Prefabs/Canvas.prefab using Guid(c486c87e1a90cd947bdda1af2535a400) Importer(815301076,1909f56bfc062723c751e8b465ee728b)  -> (artifact id: 'df2bfc9fef801c8d5be773a0e538eb4e') in 0.550662 seconds
  Import took 0.579830 seconds .

========================================================================
Received Import Request.
  Time since last request: 34.433095 seconds.
  path: Assets/Prefabs/Blue Rocket Background.prefab
  artifactKey: Guid(22726681bc26acf43b60f207180e2d01) Importer(815301076,1909f56bfc062723c751e8b465ee728b)
Start importing Assets/Prefabs/Blue Rocket Background.prefab using Guid(22726681bc26acf43b60f207180e2d01) Importer(815301076,1909f56bfc062723c751e8b465ee728b)  -> (artifact id: '62db645fb792599223c1bf338ed02516') in 0.040420 seconds
  Import took 0.058243 seconds .

========================================================================
Received Import Request.
  Time since last request: 0.000499 seconds.
  path: Assets/Prefabs/Blue Rocket Background.prefab
  artifactKey: Guid(22726681bc26acf43b60f207180e2d01) Importer(815301076,1909f56bfc062723c751e8b465ee728b)
Start importing Assets/Prefabs/Blue Rocket Background.prefab using Guid(22726681bc26acf43b60f207180e2d01) Importer(815301076,1909f56bfc062723c751e8b465ee728b)  -> (artifact id: '62db645fb792599223c1bf338ed02516') in 0.054293 seconds
  Import took 0.068157 seconds .

========================================================================
Received Import Request.
  Time since last request: 4.793199 seconds.
  path: Assets/Scenes/Level 1.unity
  artifactKey: Guid(5aab9192c23caee4bb131a53267f1dfb) Importer(815301076,1909f56bfc062723c751e8b465ee728b)
Start importing Assets/Scenes/Level 1.unity using Guid(5aab9192c23caee4bb131a53267f1dfb) Importer(815301076,1909f56bfc062723c751e8b465ee728b)  -> (artifact id: '62f276389c539b8ad3ddc28233efc855') in 0.016128 seconds
  Import took 0.026512 seconds .

========================================================================
Received Prepare
Registering precompiled user dll's ...
Registered in 0.014880 seconds.
Begin MonoManager ReloadAssembly
Native extension for WindowsStandalone target not found
Native extension for WebGL target not found
Refreshing native plugins compatible for Editor in 2.89 ms, found 3 plugins.
Preloading 0 native plugins for Editor in 0.00 ms.
Mono: successfully reloaded assembly
- Completed reload, in  6.055 seconds
Platform modules already initialized, skipping
Refreshing native plugins compatible for Editor in 1.76 ms, found 3 plugins.
Preloading 0 native plugins for Editor in 0.00 ms.
Unloading 2697 Unused Serialized files (Serialized files now loaded: 0)
System memory in use before: 115.3 MB.
System memory in use after: 115.4 MB.

Unloading 26 unused Assets to reduce memory usage. Loaded Objects now: 3196.
Total: 5.685600 ms (FindLiveObjects: 0.438800 ms CreateObjectMapping: 0.570100 ms MarkObjects: 4.512500 ms  DeleteObjects: 0.162000 ms)

========================================================================
Received Prepare
Refreshing native plugins compatible for Editor in 8.27 ms, found 3 plugins.
Preloading 0 native plugins for Editor in 0.00 ms.
Unloading 24 Unused Serialized files (Serialized files now loaded: 0)
System memory in use before: 62.6 MB.
System memory in use after: 62.7 MB.

Unloading 24 unused Assets to reduce memory usage. Loaded Objects now: 3196.
Total: 3.992800 ms (FindLiveObjects: 0.290100 ms CreateObjectMapping: 0.243700 ms MarkObjects: 3.295800 ms  DeleteObjects: 0.161300 ms)

========================================================================
Received Prepare
Registering precompiled user dll's ...
Registered in 0.010101 seconds.
Begin MonoManager ReloadAssembly
Native extension for WindowsStandalone target not found
Native extension for WebGL target not found
Refreshing native plugins compatible for Editor in 0.79 ms, found 3 plugins.
Preloading 0 native plugins for Editor in 0.00 ms.
Mono: successfully reloaded assembly
- Completed reload, in  2.708 seconds
Platform modules already initialized, skipping
Refreshing native plugins compatible for Editor in 1.40 ms, found 3 plugins.
Preloading 0 native plugins for Editor in 0.00 ms.
Unloading 2697 Unused Serialized files (Serialized files now loaded: 0)
System memory in use before: 115.3 MB.
System memory in use after: 115.4 MB.

Unloading 26 unused Assets to reduce memory usage. Loaded Objects now: 3200.
Total: 7.756800 ms (FindLiveObjects: 0.655400 ms CreateObjectMapping: 0.293200 ms MarkObjects: 6.534000 ms  DeleteObjects: 0.272100 ms)

========================================================================
Received Prepare
Registering precompiled user dll's ...
Registered in 0.016641 seconds.
Begin MonoManager ReloadAssembly
Native extension for WindowsStandalone target not found
Native extension for WebGL target not found
Refreshing native plugins compatible for Editor in 1.88 ms, found 3 plugins.
Preloading 0 native plugins for Editor in 0.00 ms.
Mono: successfully reloaded assembly
- Completed reload, in  2.847 seconds
Platform modules already initialized, skipping
Refreshing native plugins compatible for Editor in 0.76 ms, found 3 plugins.
Preloading 0 native plugins for Editor in 0.00 ms.
Unloading 2697 Unused Serialized files (Serialized files now loaded: 0)
System memory in use before: 115.3 MB.
System memory in use after: 115.4 MB.

Unloading 26 unused Assets to reduce memory usage. Loaded Objects now: 3204.
Total: 5.892900 ms (FindLiveObjects: 0.311200 ms CreateObjectMapping: 0.874300 ms MarkObjects: 4.533400 ms  DeleteObjects: 0.172100 ms)

AssetImportWorkerClient::OnTransportError - code=2 error=End of file
