Using pre-set license
Built from '2020.3/staging' branch; Version is '2020.3.10f1 (297d780c91bc) revision 2719096'; Using compiler version '192528614'; Build Type 'Release'
OS: 'Windows 10 Pro; OS build 19042.985; Version 2009; 64bit' Language: 'en' Physical Memory: 8118 MB
BatchMode: 1, IsHumanControllingUs: 0, StartBugReporterOnCrash: 0, Is64bit: 1, IsPro: 0

 COMMAND LINE ARGUMENTS:
C:\Program Files\Unity\Hub\Editor\2020.3.10f1\Editor\Unity.exe
-adb2
-batchMode
-noUpm
-name
AssetImportWorker0
-projectPath
D:/Unity/Tanks
-logFile
Logs/AssetImportWorker0.log
-srvPort
55336
Successfully changed project path to: D:/Unity/Tanks
D:/Unity/Tanks
Using Asset Import Pipeline V2.
Refreshing native plugins compatible for Editor in 62.72 ms, found 3 plugins.
Preloading 0 native plugins for Editor in 0.00 ms.
Initialize engine version: 2020.3.10f1 (297d780c91bc)
[Subsystems] Discovering subsystems at path C:/Program Files/Unity/Hub/Editor/2020.3.10f1/Editor/Data/Resources/UnitySubsystems
[Subsystems] Discovering subsystems at path D:/Unity/Tanks/Assets
GfxDevice: creating device client; threaded=0
Direct3D:
    Version:  Direct3D 11.0 [level 11.0]
    Renderer: NVIDIA GeForce GTX 550 Ti (ID=0x1244)
    Vendor:   
    VRAM:     1979 MB
    Driver:   23.21.13.9135
Initialize mono
Mono path[0] = 'C:/Program Files/Unity/Hub/Editor/2020.3.10f1/Editor/Data/Managed'
Mono path[1] = 'C:/Program Files/Unity/Hub/Editor/2020.3.10f1/Editor/Data/MonoBleedingEdge/lib/mono/unityjit'
Mono config path = 'C:/Program Files/Unity/Hub/Editor/2020.3.10f1/Editor/Data/MonoBleedingEdge/etc'
Using monoOptions --debugger-agent=transport=dt_socket,embedding=1,server=y,suspend=n,address=127.0.0.1:56012
Begin MonoManager ReloadAssembly
Registering precompiled unity dll's ...
Register platform support module: C:/Program Files/Unity/Hub/Editor/2020.3.10f1/Editor/Data/PlaybackEngines/WebGLSupport/UnityEditor.WebGL.Extensions.dll
Register platform support module: C:/Program Files/Unity/Hub/Editor/2020.3.10f1/Editor/Data/PlaybackEngines/WindowsStandaloneSupport/UnityEditor.WindowsStandalone.Extensions.dll
Registered in 0.002559 seconds.
Native extension for WindowsStandalone target not found
Native extension for WebGL target not found
Refreshing native plugins compatible for Editor in 61.04 ms, found 3 plugins.
Preloading 0 native plugins for Editor in 0.00 ms.
Mono: successfully reloaded assembly
- Completed reload, in  1.591 seconds
Platform modules already initialized, skipping
Registering precompiled user dll's ...
Registered in 0.004277 seconds.
Begin MonoManager ReloadAssembly
Native extension for WindowsStandalone target not found
Native extension for WebGL target not found
Refreshing native plugins compatible for Editor in 63.25 ms, found 3 plugins.
Preloading 0 native plugins for Editor in 0.00 ms.
Mono: successfully reloaded assembly
- Completed reload, in  1.588 seconds
Platform modules already initialized, skipping
========================================================================
Worker process is ready to serve import requests
Launched and connected shader compiler UnityShaderCompiler.exe after 0.04 seconds
Refreshing native plugins compatible for Editor in 0.61 ms, found 3 plugins.
Preloading 0 native plugins for Editor in 0.00 ms.
Unloading 2127 Unused Serialized files (Serialized files now loaded: 0)
System memory in use before: 96.0 MB.
System memory in use after: 95.9 MB.

Unloading 33 unused Assets to reduce memory usage. Loaded Objects now: 2561.
Total: 3.442900 ms (FindLiveObjects: 0.345800 ms CreateObjectMapping: 0.210300 ms MarkObjects: 2.695100 ms  DeleteObjects: 0.189200 ms)

========================================================================
Received Import Request.
  path: Assets/Scenes/Game1.unity
  artifactKey: Guid(e2b6f3d71940f4248ab9c98460d69f9c) Importer(815301076,1909f56bfc062723c751e8b465ee728b)
Start importing Assets/Scenes/Game1.unity using Guid(e2b6f3d71940f4248ab9c98460d69f9c) Importer(815301076,1909f56bfc062723c751e8b465ee728b)  -> (artifact id: '33dc64d55eca041e90b152e44fe99d20') in 0.016380 seconds
  Import took 0.032325 seconds .

========================================================================
Received Import Request.
  Time since last request: 236.906630 seconds.
  path: Assets/Scenes/Game1.unity
  artifactKey: Guid(e2b6f3d71940f4248ab9c98460d69f9c) Importer(815301076,1909f56bfc062723c751e8b465ee728b)
Start importing Assets/Scenes/Game1.unity using Guid(e2b6f3d71940f4248ab9c98460d69f9c) Importer(815301076,1909f56bfc062723c751e8b465ee728b)  -> (artifact id: 'a7f384f59e11919fd5482e716114a391') in 0.004181 seconds
  Import took 0.022220 seconds .

========================================================================
Received Import Request.
  Time since last request: 0.794045 seconds.
  path: Assets/Scenes/Game1 1.unity
  artifactKey: Guid(ef1e56fd351854043a32788a10e4a8cc) Importer(815301076,1909f56bfc062723c751e8b465ee728b)
Start importing Assets/Scenes/Game1 1.unity using Guid(ef1e56fd351854043a32788a10e4a8cc) Importer(815301076,1909f56bfc062723c751e8b465ee728b)  -> (artifact id: 'ac0f93db6ef0499ca5f3806c5c8423f9') in 0.009440 seconds
  Import took 0.013660 seconds .

========================================================================
Received Import Request.
  Time since last request: 3.049971 seconds.
  path: Assets/Scenes/Game2.unity
  artifactKey: Guid(ef1e56fd351854043a32788a10e4a8cc) Importer(815301076,1909f56bfc062723c751e8b465ee728b)
Start importing Assets/Scenes/Game2.unity using Guid(ef1e56fd351854043a32788a10e4a8cc) Importer(815301076,1909f56bfc062723c751e8b465ee728b)  -> (artifact id: '54083177a99575d2bdcfb2ce78aad02d') in 0.004746 seconds
  Import took 0.009305 seconds .

========================================================================
Received Import Request.
  Time since last request: 96.387397 seconds.
  path: Assets/Scripts/PlayerController.cs
  artifactKey: Guid(e20059050ca65b948b596f46f005fccb) Importer(815301076,1909f56bfc062723c751e8b465ee728b)
Start importing Assets/Scripts/PlayerController.cs using Guid(e20059050ca65b948b596f46f005fccb) Importer(815301076,1909f56bfc062723c751e8b465ee728b)  -> (artifact id: 'f2b70187fd291000c572170564646b76') in 0.058440 seconds
  Import took 0.063313 seconds .

========================================================================
Received Prepare
Registering precompiled user dll's ...
Registered in 0.003773 seconds.
Begin MonoManager ReloadAssembly
Native extension for WindowsStandalone target not found
Native extension for WebGL target not found
Refreshing native plugins compatible for Editor in 0.82 ms, found 3 plugins.
Preloading 0 native plugins for Editor in 0.00 ms.
Mono: successfully reloaded assembly
- Completed reload, in  1.465 seconds
Platform modules already initialized, skipping
Refreshing native plugins compatible for Editor in 0.59 ms, found 3 plugins.
Preloading 0 native plugins for Editor in 0.00 ms.
Unloading 2110 Unused Serialized files (Serialized files now loaded: 0)
System memory in use before: 94.7 MB.
System memory in use after: 94.7 MB.

Unloading 21 unused Assets to reduce memory usage. Loaded Objects now: 2566.
Total: 5.657600 ms (FindLiveObjects: 0.313500 ms CreateObjectMapping: 0.115600 ms MarkObjects: 4.932700 ms  DeleteObjects: 0.293700 ms)

========================================================================
Received Prepare
Registering precompiled user dll's ...
Registered in 0.008268 seconds.
Begin MonoManager ReloadAssembly
Native extension for WindowsStandalone target not found
Native extension for WebGL target not found
Refreshing native plugins compatible for Editor in 0.57 ms, found 3 plugins.
Preloading 0 native plugins for Editor in 0.00 ms.
Mono: successfully reloaded assembly
- Completed reload, in  1.478 seconds
Platform modules already initialized, skipping
Refreshing native plugins compatible for Editor in 0.59 ms, found 3 plugins.
Preloading 0 native plugins for Editor in 0.00 ms.
Unloading 2110 Unused Serialized files (Serialized files now loaded: 0)
System memory in use before: 94.8 MB.
System memory in use after: 94.7 MB.

Unloading 21 unused Assets to reduce memory usage. Loaded Objects now: 2570.
Total: 2.462200 ms (FindLiveObjects: 0.204600 ms CreateObjectMapping: 0.089200 ms MarkObjects: 2.024400 ms  DeleteObjects: 0.142600 ms)

========================================================================
Received Prepare
Registering precompiled user dll's ...
Registered in 0.003959 seconds.
Begin MonoManager ReloadAssembly
Native extension for WindowsStandalone target not found
Native extension for WebGL target not found
Refreshing native plugins compatible for Editor in 0.57 ms, found 3 plugins.
Preloading 0 native plugins for Editor in 0.00 ms.
Mono: successfully reloaded assembly
- Completed reload, in  1.373 seconds
Platform modules already initialized, skipping
Refreshing native plugins compatible for Editor in 0.65 ms, found 3 plugins.
Preloading 0 native plugins for Editor in 0.00 ms.
Unloading 2110 Unused Serialized files (Serialized files now loaded: 0)
System memory in use before: 94.8 MB.
System memory in use after: 94.8 MB.

Unloading 21 unused Assets to reduce memory usage. Loaded Objects now: 2574.
Total: 3.486400 ms (FindLiveObjects: 0.278600 ms CreateObjectMapping: 0.187200 ms MarkObjects: 2.823500 ms  DeleteObjects: 0.195100 ms)

========================================================================
Received Prepare
Registering precompiled user dll's ...
Registered in 0.003845 seconds.
Begin MonoManager ReloadAssembly
Native extension for WindowsStandalone target not found
Native extension for WebGL target not found
Refreshing native plugins compatible for Editor in 0.59 ms, found 3 plugins.
Preloading 0 native plugins for Editor in 0.00 ms.
Mono: successfully reloaded assembly
- Completed reload, in  1.463 seconds
Platform modules already initialized, skipping
Refreshing native plugins compatible for Editor in 0.59 ms, found 3 plugins.
Preloading 0 native plugins for Editor in 0.00 ms.
Unloading 2110 Unused Serialized files (Serialized files now loaded: 0)
System memory in use before: 94.8 MB.
System memory in use after: 94.8 MB.

Unloading 21 unused Assets to reduce memory usage. Loaded Objects now: 2578.
Total: 3.442600 ms (FindLiveObjects: 0.337900 ms CreateObjectMapping: 0.158700 ms MarkObjects: 2.782900 ms  DeleteObjects: 0.161000 ms)

========================================================================
Received Prepare
Registering precompiled user dll's ...
Registered in 0.005037 seconds.
Begin MonoManager ReloadAssembly
Native extension for WindowsStandalone target not found
Native extension for WebGL target not found
Refreshing native plugins compatible for Editor in 1.52 ms, found 3 plugins.
Preloading 0 native plugins for Editor in 0.00 ms.
Mono: successfully reloaded assembly
- Completed reload, in  1.422 seconds
Platform modules already initialized, skipping
Refreshing native plugins compatible for Editor in 0.60 ms, found 3 plugins.
Preloading 0 native plugins for Editor in 0.00 ms.
Unloading 2110 Unused Serialized files (Serialized files now loaded: 0)
System memory in use before: 94.8 MB.
System memory in use after: 94.8 MB.

Unloading 21 unused Assets to reduce memory usage. Loaded Objects now: 2582.
Total: 2.944500 ms (FindLiveObjects: 0.276300 ms CreateObjectMapping: 0.176900 ms MarkObjects: 2.345100 ms  DeleteObjects: 0.144900 ms)

========================================================================
Received Prepare
Registering precompiled user dll's ...
Registered in 0.004097 seconds.
Begin MonoManager ReloadAssembly
Native extension for WindowsStandalone target not found
Native extension for WebGL target not found
Refreshing native plugins compatible for Editor in 0.58 ms, found 3 plugins.
Preloading 0 native plugins for Editor in 0.00 ms.
Mono: successfully reloaded assembly
- Completed reload, in  1.368 seconds
Platform modules already initialized, skipping
Refreshing native plugins compatible for Editor in 0.63 ms, found 3 plugins.
Preloading 0 native plugins for Editor in 0.00 ms.
Unloading 2110 Unused Serialized files (Serialized files now loaded: 0)
System memory in use before: 94.8 MB.
System memory in use after: 94.8 MB.

Unloading 21 unused Assets to reduce memory usage. Loaded Objects now: 2586.
Total: 3.383400 ms (FindLiveObjects: 0.507000 ms CreateObjectMapping: 0.204700 ms MarkObjects: 2.446500 ms  DeleteObjects: 0.223600 ms)

========================================================================
Received Import Request.
  Time since last request: 861.464304 seconds.
  path: Assets/Scenes/Game1.unity
  artifactKey: Guid(e2b6f3d71940f4248ab9c98460d69f9c) Importer(815301076,1909f56bfc062723c751e8b465ee728b)
Start importing Assets/Scenes/Game1.unity using Guid(e2b6f3d71940f4248ab9c98460d69f9c) Importer(815301076,1909f56bfc062723c751e8b465ee728b)  -> (artifact id: '9ff22766e219941408bdcafc0750b613') in 0.021651 seconds
  Import took 0.027724 seconds .

========================================================================
Received Prepare
Registering precompiled user dll's ...
Registered in 0.004229 seconds.
Begin MonoManager ReloadAssembly
Native extension for WindowsStandalone target not found
Native extension for WebGL target not found
Refreshing native plugins compatible for Editor in 0.62 ms, found 3 plugins.
Preloading 0 native plugins for Editor in 0.00 ms.
Mono: successfully reloaded assembly
- Completed reload, in  1.394 seconds
Platform modules already initialized, skipping
Refreshing native plugins compatible for Editor in 0.62 ms, found 3 plugins.
Preloading 0 native plugins for Editor in 0.00 ms.
Unloading 2110 Unused Serialized files (Serialized files now loaded: 0)
System memory in use before: 94.8 MB.
System memory in use after: 94.8 MB.

Unloading 21 unused Assets to reduce memory usage. Loaded Objects now: 2590.
Total: 2.669400 ms (FindLiveObjects: 0.222100 ms CreateObjectMapping: 0.109700 ms MarkObjects: 2.186000 ms  DeleteObjects: 0.150200 ms)

========================================================================
Received Prepare
Registering precompiled user dll's ...
Registered in 0.004328 seconds.
Begin MonoManager ReloadAssembly
Native extension for WindowsStandalone target not found
Native extension for WebGL target not found
Refreshing native plugins compatible for Editor in 0.61 ms, found 3 plugins.
Preloading 0 native plugins for Editor in 0.00 ms.
Mono: successfully reloaded assembly
- Completed reload, in  1.470 seconds
Platform modules already initialized, skipping
Refreshing native plugins compatible for Editor in 0.59 ms, found 3 plugins.
Preloading 0 native plugins for Editor in 0.00 ms.
Unloading 2110 Unused Serialized files (Serialized files now loaded: 0)
System memory in use before: 94.8 MB.
System memory in use after: 94.8 MB.

Unloading 21 unused Assets to reduce memory usage. Loaded Objects now: 2594.
Total: 3.445500 ms (FindLiveObjects: 0.283800 ms CreateObjectMapping: 0.126800 ms MarkObjects: 2.881200 ms  DeleteObjects: 0.152100 ms)

========================================================================
Received Prepare
Registering precompiled user dll's ...
Registered in 0.003857 seconds.
Begin MonoManager ReloadAssembly
Native extension for WindowsStandalone target not found
Native extension for WebGL target not found
Refreshing native plugins compatible for Editor in 0.61 ms, found 3 plugins.
Preloading 0 native plugins for Editor in 0.00 ms.
Mono: successfully reloaded assembly
- Completed reload, in  1.388 seconds
Platform modules already initialized, skipping
Refreshing native plugins compatible for Editor in 0.66 ms, found 3 plugins.
Preloading 0 native plugins for Editor in 0.00 ms.
Unloading 2110 Unused Serialized files (Serialized files now loaded: 0)
System memory in use before: 94.9 MB.
System memory in use after: 94.8 MB.

Unloading 21 unused Assets to reduce memory usage. Loaded Objects now: 2598.
Total: 2.813100 ms (FindLiveObjects: 0.202200 ms CreateObjectMapping: 0.087400 ms MarkObjects: 2.357400 ms  DeleteObjects: 0.164100 ms)

========================================================================
Received Prepare
Registering precompiled user dll's ...
Registered in 0.006728 seconds.
Begin MonoManager ReloadAssembly
Native extension for WindowsStandalone target not found
Native extension for WebGL target not found
Refreshing native plugins compatible for Editor in 0.62 ms, found 3 plugins.
Preloading 0 native plugins for Editor in 0.00 ms.
Mono: successfully reloaded assembly
- Completed reload, in  1.395 seconds
Platform modules already initialized, skipping
Refreshing native plugins compatible for Editor in 0.76 ms, found 3 plugins.
Preloading 0 native plugins for Editor in 0.00 ms.
Unloading 2110 Unused Serialized files (Serialized files now loaded: 0)
System memory in use before: 94.9 MB.
System memory in use after: 94.8 MB.

Unloading 21 unused Assets to reduce memory usage. Loaded Objects now: 2602.
Total: 2.786200 ms (FindLiveObjects: 0.227400 ms CreateObjectMapping: 0.091300 ms MarkObjects: 2.308000 ms  DeleteObjects: 0.157800 ms)

========================================================================
Received Prepare
Registering precompiled user dll's ...
Registered in 0.006161 seconds.
Begin MonoManager ReloadAssembly
Native extension for WindowsStandalone target not found
Native extension for WebGL target not found
Refreshing native plugins compatible for Editor in 0.60 ms, found 3 plugins.
Preloading 0 native plugins for Editor in 0.00 ms.
Mono: successfully reloaded assembly
- Completed reload, in  1.437 seconds
Platform modules already initialized, skipping
Refreshing native plugins compatible for Editor in 0.56 ms, found 3 plugins.
Preloading 0 native plugins for Editor in 0.00 ms.
Unloading 2110 Unused Serialized files (Serialized files now loaded: 0)
System memory in use before: 94.9 MB.
System memory in use after: 94.9 MB.

Unloading 21 unused Assets to reduce memory usage. Loaded Objects now: 2606.
Total: 2.565200 ms (FindLiveObjects: 0.214000 ms CreateObjectMapping: 0.087700 ms MarkObjects: 2.106300 ms  DeleteObjects: 0.155800 ms)

========================================================================
Received Prepare
Registering precompiled user dll's ...
Registered in 0.003588 seconds.
Begin MonoManager ReloadAssembly
Native extension for WindowsStandalone target not found
Native extension for WebGL target not found
Refreshing native plugins compatible for Editor in 0.57 ms, found 3 plugins.
Preloading 0 native plugins for Editor in 0.00 ms.
Mono: successfully reloaded assembly
- Completed reload, in  1.287 seconds
Platform modules already initialized, skipping
Refreshing native plugins compatible for Editor in 0.64 ms, found 3 plugins.
Preloading 0 native plugins for Editor in 0.00 ms.
Unloading 2110 Unused Serialized files (Serialized files now loaded: 0)
System memory in use before: 94.9 MB.
System memory in use after: 94.9 MB.

Unloading 21 unused Assets to reduce memory usage. Loaded Objects now: 2610.
Total: 2.854300 ms (FindLiveObjects: 0.222100 ms CreateObjectMapping: 0.118800 ms MarkObjects: 2.348500 ms  DeleteObjects: 0.163400 ms)

========================================================================
Received Import Request.
  Time since last request: 3409.384626 seconds.
  path: Assets/Sprites/mytankv2.png
  artifactKey: Guid(9ddf93737be60fa45a5089ba5add1fff) Importer(815301076,1909f56bfc062723c751e8b465ee728b)
Start importing Assets/Sprites/mytankv2.png using Guid(9ddf93737be60fa45a5089ba5add1fff) Importer(815301076,1909f56bfc062723c751e8b465ee728b)  -> (artifact id: '73fa3e9b8a4e125aa97fb6d6c1218c2e') in 0.121659 seconds
  Import took 0.148794 seconds .

========================================================================
Received Prepare
Registering precompiled user dll's ...
Registered in 0.004393 seconds.
Begin MonoManager ReloadAssembly
Native extension for WindowsStandalone target not found
Native extension for WebGL target not found
Refreshing native plugins compatible for Editor in 0.62 ms, found 3 plugins.
Preloading 0 native plugins for Editor in 0.00 ms.
Mono: successfully reloaded assembly
- Completed reload, in  1.238 seconds
Platform modules already initialized, skipping
Refreshing native plugins compatible for Editor in 0.59 ms, found 3 plugins.
Preloading 0 native plugins for Editor in 0.00 ms.
Unloading 2110 Unused Serialized files (Serialized files now loaded: 0)
System memory in use before: 97.8 MB.
System memory in use after: 97.8 MB.

Unloading 21 unused Assets to reduce memory usage. Loaded Objects now: 2620.
Total: 2.683000 ms (FindLiveObjects: 0.201100 ms CreateObjectMapping: 0.087800 ms MarkObjects: 2.249200 ms  DeleteObjects: 0.143600 ms)

========================================================================
Received Import Request.
  Time since last request: 7.619302 seconds.
  path: Assets/Sprites/mytank2.png
  artifactKey: Guid(9ddf93737be60fa45a5089ba5add1fff) Importer(815301076,1909f56bfc062723c751e8b465ee728b)
Start importing Assets/Sprites/mytank2.png using Guid(9ddf93737be60fa45a5089ba5add1fff) Importer(815301076,1909f56bfc062723c751e8b465ee728b)  -> (artifact id: 'eaf82fe3c8b2e4fb4af9f6797a5cd08b') in 0.054171 seconds
  Import took 0.058005 seconds .

========================================================================
Received Import Request.
  Time since last request: 4.385403 seconds.
  path: Assets/Sprites/mytank3.png
  artifactKey: Guid(f2fe3fd0bb69b284fa1dd47a2da5788e) Importer(815301076,1909f56bfc062723c751e8b465ee728b)
Start importing Assets/Sprites/mytank3.png using Guid(f2fe3fd0bb69b284fa1dd47a2da5788e) Importer(815301076,1909f56bfc062723c751e8b465ee728b)  -> (artifact id: '34167bf97d18cd22d70c0975976dbf7e') in 0.008647 seconds
  Import took 0.012779 seconds .

========================================================================
Received Import Request.
  Time since last request: 0.683421 seconds.
  path: Assets/Sprites/mytank4.png
  artifactKey: Guid(7edb8e8776c535f488ccd513fc94dd4e) Importer(815301076,1909f56bfc062723c751e8b465ee728b)
Start importing Assets/Sprites/mytank4.png using Guid(7edb8e8776c535f488ccd513fc94dd4e) Importer(815301076,1909f56bfc062723c751e8b465ee728b)  -> (artifact id: 'ff0cec911f8fa575bcfc34224ddee53f') in 0.009275 seconds
  Import took 0.022265 seconds .

========================================================================
Received Import Request.
  Time since last request: 0.002058 seconds.
  path: Assets/Sprites/mytank4.png
  artifactKey: Guid(7edb8e8776c535f488ccd513fc94dd4e) Importer(815301076,1909f56bfc062723c751e8b465ee728b)
Start importing Assets/Sprites/mytank4.png using Guid(7edb8e8776c535f488ccd513fc94dd4e) Importer(815301076,1909f56bfc062723c751e8b465ee728b)  -> (artifact id: 'ff0cec911f8fa575bcfc34224ddee53f') in 0.006985 seconds
  Import took 0.011231 seconds .

========================================================================
Received Import Request.
  Time since last request: 1.350778 seconds.
  path: Assets/Sprites/powerups.png
  artifactKey: Guid(6bd5a8e69ddc47b45b35d1bc99df529f) Importer(815301076,1909f56bfc062723c751e8b465ee728b)
Start importing Assets/Sprites/powerups.png using Guid(6bd5a8e69ddc47b45b35d1bc99df529f) Importer(815301076,1909f56bfc062723c751e8b465ee728b)  -> (artifact id: 'aef4af1f677e6b80477f4d00f13ef1b0') in 0.008702 seconds
  Import took 0.013560 seconds .

========================================================================
Received Import Request.
  Time since last request: 28.607151 seconds.
  path: Assets/Sprites/mytank1.png
  artifactKey: Guid(e8c993d62be6d3342950fbbec7e30b0f) Importer(815301076,1909f56bfc062723c751e8b465ee728b)
Start importing Assets/Sprites/mytank1.png using Guid(e8c993d62be6d3342950fbbec7e30b0f) Importer(815301076,1909f56bfc062723c751e8b465ee728b)  -> (artifact id: 'ed567173698a0fe695e531b789f19050') in 0.016934 seconds
  Import took 0.021380 seconds .

========================================================================
Received Prepare
Registering precompiled user dll's ...
Registered in 0.003489 seconds.
Begin MonoManager ReloadAssembly
Native extension for WindowsStandalone target not found
Native extension for WebGL target not found
Refreshing native plugins compatible for Editor in 0.65 ms, found 3 plugins.
Preloading 0 native plugins for Editor in 0.00 ms.
Mono: successfully reloaded assembly
- Completed reload, in  1.255 seconds
Platform modules already initialized, skipping
Refreshing native plugins compatible for Editor in 0.58 ms, found 3 plugins.
Preloading 0 native plugins for Editor in 0.00 ms.
Unloading 2110 Unused Serialized files (Serialized files now loaded: 0)
System memory in use before: 97.8 MB.
System memory in use after: 97.8 MB.

Unloading 21 unused Assets to reduce memory usage. Loaded Objects now: 2631.
Total: 3.161500 ms (FindLiveObjects: 0.245600 ms CreateObjectMapping: 0.156300 ms MarkObjects: 2.575100 ms  DeleteObjects: 0.183200 ms)

========================================================================
Received Import Request.
  Time since last request: 36.443574 seconds.
  path: Assets/Sprites/mytank2.png
  artifactKey: Guid(9ddf93737be60fa45a5089ba5add1fff) Importer(815301076,1909f56bfc062723c751e8b465ee728b)
Start importing Assets/Sprites/mytank2.png using Guid(9ddf93737be60fa45a5089ba5add1fff) Importer(815301076,1909f56bfc062723c751e8b465ee728b)  -> (artifact id: 'cfe477749556bbdfc30305324e4c8f00') in 0.059671 seconds
  Import took 0.063622 seconds .

========================================================================
Received Import Request.
  Time since last request: 0.000358 seconds.
  path: Assets/Sprites/mytank2.png
  artifactKey: Guid(9ddf93737be60fa45a5089ba5add1fff) Importer(815301076,1909f56bfc062723c751e8b465ee728b)
Start importing Assets/Sprites/mytank2.png using Guid(9ddf93737be60fa45a5089ba5add1fff) Importer(815301076,1909f56bfc062723c751e8b465ee728b)  -> (artifact id: 'cfe477749556bbdfc30305324e4c8f00') in 0.007167 seconds
  Import took 0.010932 seconds .

========================================================================
Received Prepare
Registering precompiled user dll's ...
Registered in 0.003705 seconds.
Begin MonoManager ReloadAssembly
Native extension for WindowsStandalone target not found
Native extension for WebGL target not found
Refreshing native plugins compatible for Editor in 0.56 ms, found 3 plugins.
Preloading 0 native plugins for Editor in 0.00 ms.
Mono: successfully reloaded assembly
- Completed reload, in  1.270 seconds
Platform modules already initialized, skipping
Refreshing native plugins compatible for Editor in 0.58 ms, found 3 plugins.
Preloading 0 native plugins for Editor in 0.00 ms.
Unloading 2110 Unused Serialized files (Serialized files now loaded: 0)
System memory in use before: 97.9 MB.
System memory in use after: 97.8 MB.

Unloading 21 unused Assets to reduce memory usage. Loaded Objects now: 2636.
Total: 2.974100 ms (FindLiveObjects: 0.240800 ms CreateObjectMapping: 0.152100 ms MarkObjects: 2.434400 ms  DeleteObjects: 0.145900 ms)

========================================================================
Received Prepare
Registering precompiled user dll's ...
Registered in 0.003634 seconds.
Begin MonoManager ReloadAssembly
Native extension for WindowsStandalone target not found
Native extension for WebGL target not found
Refreshing native plugins compatible for Editor in 0.58 ms, found 3 plugins.
Preloading 0 native plugins for Editor in 0.00 ms.
Mono: successfully reloaded assembly
- Completed reload, in  1.198 seconds
Platform modules already initialized, skipping
Refreshing native plugins compatible for Editor in 0.59 ms, found 3 plugins.
Preloading 0 native plugins for Editor in 0.00 ms.
Unloading 2110 Unused Serialized files (Serialized files now loaded: 0)
System memory in use before: 97.9 MB.
System memory in use after: 97.9 MB.

Unloading 21 unused Assets to reduce memory usage. Loaded Objects now: 2640.
Total: 2.817600 ms (FindLiveObjects: 0.234300 ms CreateObjectMapping: 0.136100 ms MarkObjects: 2.293100 ms  DeleteObjects: 0.152900 ms)

========================================================================
Received Prepare
Registering precompiled user dll's ...
Registered in 0.003560 seconds.
Begin MonoManager ReloadAssembly
Native extension for WindowsStandalone target not found
Native extension for WebGL target not found
Refreshing native plugins compatible for Editor in 0.55 ms, found 3 plugins.
Preloading 0 native plugins for Editor in 0.00 ms.
Mono: successfully reloaded assembly
- Completed reload, in  1.236 seconds
Platform modules already initialized, skipping
Refreshing native plugins compatible for Editor in 0.58 ms, found 3 plugins.
Preloading 0 native plugins for Editor in 0.00 ms.
Unloading 2110 Unused Serialized files (Serialized files now loaded: 0)
System memory in use before: 97.9 MB.
System memory in use after: 97.9 MB.

Unloading 21 unused Assets to reduce memory usage. Loaded Objects now: 2644.
Total: 3.098800 ms (FindLiveObjects: 0.288500 ms CreateObjectMapping: 0.153700 ms MarkObjects: 2.501400 ms  DeleteObjects: 0.153800 ms)

========================================================================
Received Import Request.
  Time since last request: 292.415975 seconds.
  path: Assets/Sprites/mytank2.png
  artifactKey: Guid(9ddf93737be60fa45a5089ba5add1fff) Importer(815301076,1909f56bfc062723c751e8b465ee728b)
Start importing Assets/Sprites/mytank2.png using Guid(9ddf93737be60fa45a5089ba5add1fff) Importer(815301076,1909f56bfc062723c751e8b465ee728b)  -> (artifact id: 'c566e3bf3c966dec9fa6a11e94f80e24') in 0.039118 seconds
  Import took 0.042929 seconds .

========================================================================
Received Import Request.
  Time since last request: 66.469812 seconds.
  path: Assets/Sprites/mytank2.png
  artifactKey: Guid(9ddf93737be60fa45a5089ba5add1fff) Importer(815301076,1909f56bfc062723c751e8b465ee728b)
Start importing Assets/Sprites/mytank2.png using Guid(9ddf93737be60fa45a5089ba5add1fff) Importer(815301076,1909f56bfc062723c751e8b465ee728b)  -> (artifact id: '49810c1c6f1fbe7eebe2d04c5906c93b') in 0.038606 seconds
  Import took 0.042446 seconds .

========================================================================
Received Import Request.
  Time since last request: 32.182621 seconds.
  path: Assets/Animations
  artifactKey: Guid(72bf1508fff24e34b976a8f3a6a620db) Importer(815301076,1909f56bfc062723c751e8b465ee728b)
Start importing Assets/Animations using Guid(72bf1508fff24e34b976a8f3a6a620db) Importer(815301076,1909f56bfc062723c751e8b465ee728b)  -> (artifact id: '1316f306e3a8a93a69436ab8d009e95b') in 0.004091 seconds
  Import took 0.008100 seconds .

========================================================================
Received Import Request.
  Time since last request: 25.086547 seconds.
  path: Assets/Animations/Player v1.controller
  artifactKey: Guid(114fc3b9ac164984bba6ac3abe0e2808) Importer(815301076,1909f56bfc062723c751e8b465ee728b)
Start importing Assets/Animations/Player v1.controller using Guid(114fc3b9ac164984bba6ac3abe0e2808) Importer(815301076,1909f56bfc062723c751e8b465ee728b)  -> (artifact id: '349f9a736f228e0e1d338bb64876c6e9') in 0.009666 seconds
  Import took 0.013838 seconds .

========================================================================
Received Import Request.
  Time since last request: 0.001010 seconds.
  path: Assets/Animations/Player v1.controller
  artifactKey: Guid(114fc3b9ac164984bba6ac3abe0e2808) Importer(815301076,1909f56bfc062723c751e8b465ee728b)
Start importing Assets/Animations/Player v1.controller using Guid(114fc3b9ac164984bba6ac3abe0e2808) Importer(815301076,1909f56bfc062723c751e8b465ee728b)  -> (artifact id: '349f9a736f228e0e1d338bb64876c6e9') in 0.003103 seconds
  Import took 0.006870 seconds .

========================================================================
Received Import Request.
  Time since last request: 17.304088 seconds.
  path: Assets/Sprites/Player v1.anim
  artifactKey: Guid(60b31088227e49f46bf4071441793c48) Importer(815301076,1909f56bfc062723c751e8b465ee728b)
Start importing Assets/Sprites/Player v1.anim using Guid(60b31088227e49f46bf4071441793c48) Importer(815301076,1909f56bfc062723c751e8b465ee728b)  -> (artifact id: 'ec2734b102ddabdd53e4103931d7bbd7') in 0.004426 seconds
  Import took 0.008561 seconds .

========================================================================
Received Prepare
Registering precompiled user dll's ...
Registered in 0.003451 seconds.
Begin MonoManager ReloadAssembly
Native extension for WindowsStandalone target not found
Native extension for WebGL target not found
Refreshing native plugins compatible for Editor in 0.57 ms, found 3 plugins.
Preloading 0 native plugins for Editor in 0.00 ms.
Mono: successfully reloaded assembly
- Completed reload, in  1.236 seconds
Platform modules already initialized, skipping
Refreshing native plugins compatible for Editor in 0.59 ms, found 3 plugins.
Preloading 0 native plugins for Editor in 0.00 ms.
Unloading 2110 Unused Serialized files (Serialized files now loaded: 0)
System memory in use before: 97.9 MB.
System memory in use after: 97.9 MB.

Unloading 21 unused Assets to reduce memory usage. Loaded Objects now: 2653.
Total: 2.838300 ms (FindLiveObjects: 0.245800 ms CreateObjectMapping: 0.094800 ms MarkObjects: 2.320000 ms  DeleteObjects: 0.176000 ms)

========================================================================
Received Prepare
Registering precompiled user dll's ...
Registered in 0.003517 seconds.
Begin MonoManager ReloadAssembly
Native extension for WindowsStandalone target not found
Native extension for WebGL target not found
Refreshing native plugins compatible for Editor in 0.58 ms, found 3 plugins.
Preloading 0 native plugins for Editor in 0.00 ms.
Mono: successfully reloaded assembly
- Completed reload, in  1.237 seconds
Platform modules already initialized, skipping
Refreshing native plugins compatible for Editor in 0.61 ms, found 3 plugins.
Preloading 0 native plugins for Editor in 0.00 ms.
Unloading 2110 Unused Serialized files (Serialized files now loaded: 0)
System memory in use before: 97.9 MB.
System memory in use after: 97.9 MB.

Unloading 21 unused Assets to reduce memory usage. Loaded Objects now: 2657.
Total: 3.054300 ms (FindLiveObjects: 0.264100 ms CreateObjectMapping: 0.169100 ms MarkObjects: 2.465100 ms  DeleteObjects: 0.154500 ms)

========================================================================
Received Prepare
Registering precompiled user dll's ...
Registered in 0.003439 seconds.
Begin MonoManager ReloadAssembly
Native extension for WindowsStandalone target not found
Native extension for WebGL target not found
Refreshing native plugins compatible for Editor in 0.59 ms, found 3 plugins.
Preloading 0 native plugins for Editor in 0.00 ms.
Mono: successfully reloaded assembly
- Completed reload, in  1.237 seconds
Platform modules already initialized, skipping
Refreshing native plugins compatible for Editor in 0.59 ms, found 3 plugins.
Preloading 0 native plugins for Editor in 0.00 ms.
Unloading 2110 Unused Serialized files (Serialized files now loaded: 0)
System memory in use before: 97.9 MB.
System memory in use after: 97.9 MB.

Unloading 21 unused Assets to reduce memory usage. Loaded Objects now: 2661.
Total: 2.756500 ms (FindLiveObjects: 0.218200 ms CreateObjectMapping: 0.088800 ms MarkObjects: 2.290500 ms  DeleteObjects: 0.157700 ms)

========================================================================
Received Prepare
Registering precompiled user dll's ...
Registered in 0.003484 seconds.
Begin MonoManager ReloadAssembly
Native extension for WindowsStandalone target not found
Native extension for WebGL target not found
Refreshing native plugins compatible for Editor in 0.59 ms, found 3 plugins.
Preloading 0 native plugins for Editor in 0.00 ms.
Mono: successfully reloaded assembly
- Completed reload, in  1.235 seconds
Platform modules already initialized, skipping
Refreshing native plugins compatible for Editor in 0.60 ms, found 3 plugins.
Preloading 0 native plugins for Editor in 0.00 ms.
Unloading 2110 Unused Serialized files (Serialized files now loaded: 0)
System memory in use before: 97.9 MB.
System memory in use after: 97.9 MB.

Unloading 21 unused Assets to reduce memory usage. Loaded Objects now: 2665.
Total: 3.059700 ms (FindLiveObjects: 0.252400 ms CreateObjectMapping: 0.154800 ms MarkObjects: 2.502100 ms  DeleteObjects: 0.149200 ms)

========================================================================
Received Prepare
Registering precompiled user dll's ...
Registered in 0.003778 seconds.
Begin MonoManager ReloadAssembly
Native extension for WindowsStandalone target not found
Native extension for WebGL target not found
Refreshing native plugins compatible for Editor in 0.57 ms, found 3 plugins.
Preloading 0 native plugins for Editor in 0.00 ms.
Mono: successfully reloaded assembly
- Completed reload, in  1.285 seconds
Platform modules already initialized, skipping
Refreshing native plugins compatible for Editor in 0.58 ms, found 3 plugins.
Preloading 0 native plugins for Editor in 0.00 ms.
Unloading 2110 Unused Serialized files (Serialized files now loaded: 0)
System memory in use before: 98.0 MB.
System memory in use after: 97.9 MB.

Unloading 21 unused Assets to reduce memory usage. Loaded Objects now: 2669.
Total: 3.038600 ms (FindLiveObjects: 0.263000 ms CreateObjectMapping: 0.171700 ms MarkObjects: 2.456400 ms  DeleteObjects: 0.146200 ms)

========================================================================
Received Prepare
Registering precompiled user dll's ...
Registered in 0.004365 seconds.
Begin MonoManager ReloadAssembly
Native extension for WindowsStandalone target not found
Native extension for WebGL target not found
Refreshing native plugins compatible for Editor in 0.60 ms, found 3 plugins.
Preloading 0 native plugins for Editor in 0.00 ms.
Mono: successfully reloaded assembly
- Completed reload, in  1.266 seconds
Platform modules already initialized, skipping
Refreshing native plugins compatible for Editor in 0.61 ms, found 3 plugins.
Preloading 0 native plugins for Editor in 0.00 ms.
Unloading 2110 Unused Serialized files (Serialized files now loaded: 0)
System memory in use before: 98.0 MB.
System memory in use after: 97.9 MB.

Unloading 21 unused Assets to reduce memory usage. Loaded Objects now: 2673.
Total: 2.923300 ms (FindLiveObjects: 0.222400 ms CreateObjectMapping: 0.117200 ms MarkObjects: 2.429900 ms  DeleteObjects: 0.152300 ms)

========================================================================
Received Prepare
Registering precompiled user dll's ...
Registered in 0.003686 seconds.
Begin MonoManager ReloadAssembly
Native extension for WindowsStandalone target not found
Native extension for WebGL target not found
Refreshing native plugins compatible for Editor in 0.59 ms, found 3 plugins.
Preloading 0 native plugins for Editor in 0.00 ms.
Mono: successfully reloaded assembly
- Completed reload, in  1.261 seconds
Platform modules already initialized, skipping
Refreshing native plugins compatible for Editor in 0.63 ms, found 3 plugins.
Preloading 0 native plugins for Editor in 0.00 ms.
Unloading 2110 Unused Serialized files (Serialized files now loaded: 0)
System memory in use before: 98.0 MB.
System memory in use after: 98.0 MB.

Unloading 21 unused Assets to reduce memory usage. Loaded Objects now: 2677.
Total: 2.856100 ms (FindLiveObjects: 0.216500 ms CreateObjectMapping: 0.086700 ms MarkObjects: 2.395200 ms  DeleteObjects: 0.156300 ms)

========================================================================
Received Prepare
Registering precompiled user dll's ...
Registered in 0.003416 seconds.
Begin MonoManager ReloadAssembly
Native extension for WindowsStandalone target not found
Native extension for WebGL target not found
Refreshing native plugins compatible for Editor in 0.57 ms, found 3 plugins.
Preloading 0 native plugins for Editor in 0.00 ms.
Mono: successfully reloaded assembly
- Completed reload, in  1.252 seconds
Platform modules already initialized, skipping
Refreshing native plugins compatible for Editor in 0.60 ms, found 3 plugins.
Preloading 0 native plugins for Editor in 0.00 ms.
Unloading 2110 Unused Serialized files (Serialized files now loaded: 0)
System memory in use before: 98.0 MB.
System memory in use after: 98.0 MB.

Unloading 21 unused Assets to reduce memory usage. Loaded Objects now: 2681.
Total: 2.693700 ms (FindLiveObjects: 0.231900 ms CreateObjectMapping: 0.111900 ms MarkObjects: 2.191200 ms  DeleteObjects: 0.157100 ms)

========================================================================
Received Prepare
Registering precompiled user dll's ...
Registered in 0.004382 seconds.
Begin MonoManager ReloadAssembly
Native extension for WindowsStandalone target not found
Native extension for WebGL target not found
Refreshing native plugins compatible for Editor in 0.56 ms, found 3 plugins.
Preloading 0 native plugins for Editor in 0.00 ms.
Mono: successfully reloaded assembly
- Completed reload, in  1.228 seconds
Platform modules already initialized, skipping
Refreshing native plugins compatible for Editor in 0.59 ms, found 3 plugins.
Preloading 0 native plugins for Editor in 0.00 ms.
Unloading 2110 Unused Serialized files (Serialized files now loaded: 0)
System memory in use before: 98.0 MB.
System memory in use after: 98.0 MB.

Unloading 21 unused Assets to reduce memory usage. Loaded Objects now: 2685.
Total: 2.610800 ms (FindLiveObjects: 0.207600 ms CreateObjectMapping: 0.089100 ms MarkObjects: 2.162000 ms  DeleteObjects: 0.150900 ms)

========================================================================
Received Import Request.
  Time since last request: 1589.141990 seconds.
  path: Assets/Scenes/Game1.unity
  artifactKey: Guid(e2b6f3d71940f4248ab9c98460d69f9c) Importer(815301076,1909f56bfc062723c751e8b465ee728b)
Start importing Assets/Scenes/Game1.unity using Guid(e2b6f3d71940f4248ab9c98460d69f9c) Importer(815301076,1909f56bfc062723c751e8b465ee728b)  -> (artifact id: '0fbed8b0eb37b41d6c2b075afa029fcc') in 0.024138 seconds
  Import took 0.028588 seconds .

========================================================================
Received Prepare
Registering precompiled user dll's ...
Registered in 0.003662 seconds.
Begin MonoManager ReloadAssembly
Native extension for WindowsStandalone target not found
Native extension for WebGL target not found
Refreshing native plugins compatible for Editor in 0.57 ms, found 3 plugins.
Preloading 0 native plugins for Editor in 0.00 ms.
Mono: successfully reloaded assembly
- Completed reload, in  1.279 seconds
Platform modules already initialized, skipping
Refreshing native plugins compatible for Editor in 0.58 ms, found 3 plugins.
Preloading 0 native plugins for Editor in 0.00 ms.
Unloading 2110 Unused Serialized files (Serialized files now loaded: 0)
System memory in use before: 98.0 MB.
System memory in use after: 98.0 MB.

Unloading 21 unused Assets to reduce memory usage. Loaded Objects now: 2689.
Total: 2.686500 ms (FindLiveObjects: 0.208600 ms CreateObjectMapping: 0.086100 ms MarkObjects: 2.238800 ms  DeleteObjects: 0.151700 ms)

========================================================================
Received Prepare
Registering precompiled user dll's ...
Registered in 0.003910 seconds.
Begin MonoManager ReloadAssembly
Native extension for WindowsStandalone target not found
Native extension for WebGL target not found
Refreshing native plugins compatible for Editor in 0.57 ms, found 3 plugins.
Preloading 0 native plugins for Editor in 0.00 ms.
Mono: successfully reloaded assembly
- Completed reload, in  1.237 seconds
Platform modules already initialized, skipping
Refreshing native plugins compatible for Editor in 0.58 ms, found 3 plugins.
Preloading 0 native plugins for Editor in 0.00 ms.
Unloading 2110 Unused Serialized files (Serialized files now loaded: 0)
System memory in use before: 98.0 MB.
System memory in use after: 98.0 MB.

Unloading 21 unused Assets to reduce memory usage. Loaded Objects now: 2693.
Total: 3.006800 ms (FindLiveObjects: 0.265000 ms CreateObjectMapping: 0.156600 ms MarkObjects: 2.436000 ms  DeleteObjects: 0.147900 ms)

========================================================================
Received Import Request.
  Time since last request: 445.023748 seconds.
  path: Assets/Animations/Player v1.controller
  artifactKey: Guid(114fc3b9ac164984bba6ac3abe0e2808) Importer(815301076,1909f56bfc062723c751e8b465ee728b)
Start importing Assets/Animations/Player v1.controller using Guid(114fc3b9ac164984bba6ac3abe0e2808) Importer(815301076,1909f56bfc062723c751e8b465ee728b)  -> (artifact id: 'e2185e18878196d6b3e3ea4ebda93817') in 0.017195 seconds
  Import took 0.021685 seconds .

========================================================================
Received Import Request.
  Time since last request: 311.854819 seconds.
  path: Assets/Animations/Player v1.controller
  artifactKey: Guid(114fc3b9ac164984bba6ac3abe0e2808) Importer(815301076,1909f56bfc062723c751e8b465ee728b)
Start importing Assets/Animations/Player v1.controller using Guid(114fc3b9ac164984bba6ac3abe0e2808) Importer(815301076,1909f56bfc062723c751e8b465ee728b)  -> (artifact id: 'c52b9403613120ad02ec7ca6ee5a1629') in 0.004195 seconds
  Import took 0.009228 seconds .

========================================================================
Received Import Request.
  Time since last request: 52.258133 seconds.
  path: Assets/Animations/Player v1.anim
  artifactKey: Guid(60b31088227e49f46bf4071441793c48) Importer(815301076,1909f56bfc062723c751e8b465ee728b)
Start importing Assets/Animations/Player v1.anim using Guid(60b31088227e49f46bf4071441793c48) Importer(815301076,1909f56bfc062723c751e8b465ee728b)  -> (artifact id: '5349f77b0a9d7ac50c977051c1c87cab') in 0.003582 seconds
  Import took 0.007813 seconds .

========================================================================
Received Import Request.
  Time since last request: 180.591711 seconds.
  path: Assets/Animations/Player v1.controller
  artifactKey: Guid(114fc3b9ac164984bba6ac3abe0e2808) Importer(815301076,1909f56bfc062723c751e8b465ee728b)
Start importing Assets/Animations/Player v1.controller using Guid(114fc3b9ac164984bba6ac3abe0e2808) Importer(815301076,1909f56bfc062723c751e8b465ee728b)  -> (artifact id: '34560681e1e48773179d44824e930fbf') in 0.003650 seconds
  Import took 0.008404 seconds .

========================================================================
Received Prepare
Registering precompiled user dll's ...
Registered in 0.003552 seconds.
Begin MonoManager ReloadAssembly
Native extension for WindowsStandalone target not found
Native extension for WebGL target not found
Refreshing native plugins compatible for Editor in 0.78 ms, found 3 plugins.
Preloading 0 native plugins for Editor in 0.00 ms.
Mono: successfully reloaded assembly
- Completed reload, in  1.278 seconds
Platform modules already initialized, skipping
Refreshing native plugins compatible for Editor in 0.60 ms, found 3 plugins.
Preloading 0 native plugins for Editor in 0.00 ms.
Unloading 2110 Unused Serialized files (Serialized files now loaded: 0)
System memory in use before: 98.0 MB.
System memory in use after: 98.0 MB.

Unloading 21 unused Assets to reduce memory usage. Loaded Objects now: 2697.
Total: 2.893300 ms (FindLiveObjects: 0.237200 ms CreateObjectMapping: 0.122400 ms MarkObjects: 2.322600 ms  DeleteObjects: 0.209800 ms)

========================================================================
Received Prepare
Registering precompiled user dll's ...
Registered in 0.003688 seconds.
Begin MonoManager ReloadAssembly
Native extension for WindowsStandalone target not found
Native extension for WebGL target not found
Refreshing native plugins compatible for Editor in 0.58 ms, found 3 plugins.
Preloading 0 native plugins for Editor in 0.00 ms.
Mono: successfully reloaded assembly
- Completed reload, in  1.254 seconds
Platform modules already initialized, skipping
Refreshing native plugins compatible for Editor in 0.61 ms, found 3 plugins.
Preloading 0 native plugins for Editor in 0.00 ms.
Unloading 2110 Unused Serialized files (Serialized files now loaded: 0)
System memory in use before: 98.0 MB.
System memory in use after: 98.0 MB.

Unloading 21 unused Assets to reduce memory usage. Loaded Objects now: 2701.
Total: 3.035800 ms (FindLiveObjects: 0.278600 ms CreateObjectMapping: 0.151700 ms MarkObjects: 2.453100 ms  DeleteObjects: 0.151400 ms)

========================================================================
Received Prepare
Registering precompiled user dll's ...
Registered in 0.003666 seconds.
Begin MonoManager ReloadAssembly
Native extension for WindowsStandalone target not found
Native extension for WebGL target not found
Refreshing native plugins compatible for Editor in 0.55 ms, found 3 plugins.
Preloading 0 native plugins for Editor in 0.00 ms.
Mono: successfully reloaded assembly
- Completed reload, in  1.253 seconds
Platform modules already initialized, skipping
Refreshing native plugins compatible for Editor in 0.58 ms, found 3 plugins.
Preloading 0 native plugins for Editor in 0.00 ms.
Unloading 2110 Unused Serialized files (Serialized files now loaded: 0)
System memory in use before: 98.0 MB.
System memory in use after: 98.0 MB.

Unloading 21 unused Assets to reduce memory usage. Loaded Objects now: 2705.
Total: 2.875000 ms (FindLiveObjects: 0.238100 ms CreateObjectMapping: 0.101000 ms MarkObjects: 2.381400 ms  DeleteObjects: 0.153200 ms)

========================================================================
Received Prepare
Registering precompiled user dll's ...
Registered in 0.003611 seconds.
Begin MonoManager ReloadAssembly
Native extension for WindowsStandalone target not found
Native extension for WebGL target not found
Refreshing native plugins compatible for Editor in 0.56 ms, found 3 plugins.
Preloading 0 native plugins for Editor in 0.00 ms.
Mono: successfully reloaded assembly
- Completed reload, in  1.258 seconds
Platform modules already initialized, skipping
Refreshing native plugins compatible for Editor in 0.58 ms, found 3 plugins.
Preloading 0 native plugins for Editor in 0.00 ms.
Unloading 2110 Unused Serialized files (Serialized files now loaded: 0)
System memory in use before: 98.1 MB.
System memory in use after: 98.1 MB.

Unloading 21 unused Assets to reduce memory usage. Loaded Objects now: 2709.
Total: 2.911400 ms (FindLiveObjects: 0.256600 ms CreateObjectMapping: 0.122800 ms MarkObjects: 2.378300 ms  DeleteObjects: 0.152100 ms)

========================================================================
Received Prepare
Registering precompiled user dll's ...
Registered in 0.003591 seconds.
Begin MonoManager ReloadAssembly
Native extension for WindowsStandalone target not found
Native extension for WebGL target not found
Refreshing native plugins compatible for Editor in 0.57 ms, found 3 plugins.
Preloading 0 native plugins for Editor in 0.00 ms.
Mono: successfully reloaded assembly
- Completed reload, in  1.274 seconds
Platform modules already initialized, skipping
Refreshing native plugins compatible for Editor in 0.59 ms, found 3 plugins.
Preloading 0 native plugins for Editor in 0.00 ms.
Unloading 2110 Unused Serialized files (Serialized files now loaded: 0)
System memory in use before: 98.2 MB.
System memory in use after: 98.1 MB.

Unloading 21 unused Assets to reduce memory usage. Loaded Objects now: 2713.
Total: 2.774400 ms (FindLiveObjects: 0.252700 ms CreateObjectMapping: 0.123900 ms MarkObjects: 2.230500 ms  DeleteObjects: 0.166000 ms)

========================================================================
Received Prepare
Registering precompiled user dll's ...
Registered in 0.003584 seconds.
Begin MonoManager ReloadAssembly
Native extension for WindowsStandalone target not found
Native extension for WebGL target not found
Refreshing native plugins compatible for Editor in 0.62 ms, found 3 plugins.
Preloading 0 native plugins for Editor in 0.00 ms.
Mono: successfully reloaded assembly
- Completed reload, in  1.303 seconds
Platform modules already initialized, skipping
Refreshing native plugins compatible for Editor in 0.57 ms, found 3 plugins.
Preloading 0 native plugins for Editor in 0.00 ms.
Unloading 2110 Unused Serialized files (Serialized files now loaded: 0)
System memory in use before: 98.2 MB.
System memory in use after: 98.2 MB.

Unloading 21 unused Assets to reduce memory usage. Loaded Objects now: 2717.
Total: 2.748400 ms (FindLiveObjects: 0.259800 ms CreateObjectMapping: 0.103200 ms MarkObjects: 2.240800 ms  DeleteObjects: 0.143200 ms)

========================================================================
Received Prepare
Registering precompiled user dll's ...
Registered in 0.003551 seconds.
Begin MonoManager ReloadAssembly
Native extension for WindowsStandalone target not found
Native extension for WebGL target not found
Refreshing native plugins compatible for Editor in 0.63 ms, found 3 plugins.
Preloading 0 native plugins for Editor in 0.00 ms.
Mono: successfully reloaded assembly
- Completed reload, in  1.308 seconds
Platform modules already initialized, skipping
Refreshing native plugins compatible for Editor in 0.62 ms, found 3 plugins.
Preloading 0 native plugins for Editor in 0.00 ms.
Unloading 2110 Unused Serialized files (Serialized files now loaded: 0)
System memory in use before: 98.2 MB.
System memory in use after: 98.2 MB.

Unloading 21 unused Assets to reduce memory usage. Loaded Objects now: 2721.
Total: 2.513800 ms (FindLiveObjects: 0.234700 ms CreateObjectMapping: 0.097100 ms MarkObjects: 2.036300 ms  DeleteObjects: 0.144300 ms)

========================================================================
Received Prepare
Registering precompiled user dll's ...
Registered in 0.004601 seconds.
Begin MonoManager ReloadAssembly
Native extension for WindowsStandalone target not found
Native extension for WebGL target not found
Refreshing native plugins compatible for Editor in 0.64 ms, found 3 plugins.
Preloading 0 native plugins for Editor in 0.00 ms.
Mono: successfully reloaded assembly
- Completed reload, in  1.278 seconds
Platform modules already initialized, skipping
Refreshing native plugins compatible for Editor in 0.59 ms, found 3 plugins.
Preloading 0 native plugins for Editor in 0.00 ms.
Unloading 2110 Unused Serialized files (Serialized files now loaded: 0)
System memory in use before: 98.2 MB.
System memory in use after: 98.3 MB.

Unloading 21 unused Assets to reduce memory usage. Loaded Objects now: 2725.
Total: 2.859100 ms (FindLiveObjects: 0.250700 ms CreateObjectMapping: 0.135700 ms MarkObjects: 2.313600 ms  DeleteObjects: 0.157800 ms)

AssetImportWorkerClient::OnTransportError - code=2 error=End of file
